::1 - - [28/Apr/2024:16:37:04 +0300] "GET /index.php HTTP/1.1" 200 73115
::1 - - [28/Apr/2024:16:37:10 +0300] "GET /index.html/ HTTP/1.1" 404 196
::1 - - [28/Apr/2024:16:37:13 +0300] "GET /index.html HTTP/1.1" 404 196
::1 - - [28/Apr/2024:16:37:16 +0300] "GET /index.php HTTP/1.1" 200 73115
::1 - - [28/Apr/2024:16:37:28 +0300] "GET /index.php HTTP/1.1" 200 73351
::1 - - [28/Apr/2024:17:40:08 +0300] "GET /draw_graph.php HTTP/1.1" 200 40
::1 - - [28/Apr/2024:17:40:10 +0300] "GET /draw_graph.php HTTP/1.1" 200 40
::1 - - [28/Apr/2024:17:40:11 +0300] "GET /draw_graph.php HTTP/1.1" 200 40
::1 - - [28/Apr/2024:17:40:11 +0300] "GET /draw_graph.php HTTP/1.1" 200 40
::1 - - [28/Apr/2024:17:40:11 +0300] "GET /draw_graph.php HTTP/1.1" 200 40
::1 - - [28/Apr/2024:17:40:12 +0300] "GET /draw_graph.php HTTP/1.1" 200 40
::1 - - [28/Apr/2024:17:40:12 +0300] "GET /draw_graph.php HTTP/1.1" 200 40
::1 - - [28/Apr/2024:17:40:12 +0300] "GET /draw_graph.php HTTP/1.1" 200 40
::1 - - [28/Apr/2024:17:40:12 +0300] "GET /draw_graph.php HTTP/1.1" 200 40
::1 - - [28/Apr/2024:17:40:12 +0300] "GET /draw_graph.php HTTP/1.1" 200 40
::1 - - [28/Apr/2024:17:40:13 +0300] "GET /draw_graph.php HTTP/1.1" 200 40
::1 - - [28/Apr/2024:17:40:13 +0300] "GET /draw_graph.php HTTP/1.1" 200 40
::1 - - [28/Apr/2024:17:40:13 +0300] "GET /draw_graph.php HTTP/1.1" 200 40
::1 - - [28/Apr/2024:17:40:14 +0300] "GET /draw_graph.php HTTP/1.1" 200 40
::1 - - [28/Apr/2024:17:40:14 +0300] "GET /draw_graph.php HTTP/1.1" 200 40
::1 - - [28/Apr/2024:17:40:15 +0300] "GET /draw_graph.php HTTP/1.1" 200 40
::1 - - [28/Apr/2024:17:40:15 +0300] "GET /draw_graph.php HTTP/1.1" 200 40
::1 - - [28/Apr/2024:17:40:15 +0300] "GET /draw_graph.php HTTP/1.1" 200 40
::1 - - [28/Apr/2024:17:40:15 +0300] "GET /draw_graph.php HTTP/1.1" 200 40
::1 - - [28/Apr/2024:17:40:15 +0300] "GET /draw_graph.php HTTP/1.1" 200 40
::1 - - [28/Apr/2024:17:40:16 +0300] "GET /draw_graph.php HTTP/1.1" 200 40
::1 - - [28/Apr/2024:17:40:16 +0300] "GET /draw_graph.php HTTP/1.1" 200 40
::1 - - [28/Apr/2024:17:40:23 +0300] "GET /index.php HTTP/1.1" 200 73115
::1 - - [28/Apr/2024:17:40:25 +0300] "GET /draw_graph.php HTTP/1.1" 200 40
::1 - - [28/Apr/2024:17:41:43 +0300] "GET /draw_graph.php HTTP/1.1" 200 40
::1 - - [28/Apr/2024:17:41:44 +0300] "GET /draw_graph.php HTTP/1.1" 200 40
::1 - - [28/Apr/2024:17:41:44 +0300] "GET /draw_graph.php HTTP/1.1" 200 40
::1 - - [28/Apr/2024:17:41:44 +0300] "GET /draw_graph.php HTTP/1.1" 200 40
::1 - - [28/Apr/2024:17:41:44 +0300] "GET /draw_graph.php HTTP/1.1" 200 40
::1 - - [28/Apr/2024:17:41:44 +0300] "GET /draw_graph.php HTTP/1.1" 200 40
::1 - - [28/Apr/2024:17:41:45 +0300] "GET /draw_graph.php HTTP/1.1" 200 40
::1 - - [28/Apr/2024:17:41:45 +0300] "GET /draw_graph.php HTTP/1.1" 200 40
::1 - - [28/Apr/2024:17:41:45 +0300] "GET /draw_graph.php HTTP/1.1" 200 40
::1 - - [28/Apr/2024:17:41:48 +0300] "GET /index.php HTTP/1.1" 200 73116
::1 - - [28/Apr/2024:17:41:50 +0300] "GET /draw_graph.php HTTP/1.1" 200 40
::1 - - [28/Apr/2024:17:41:50 +0300] "GET /draw_graph.php HTTP/1.1" 200 40
::1 - - [28/Apr/2024:17:41:50 +0300] "GET /draw_graph.php HTTP/1.1" 200 40
::1 - - [28/Apr/2024:17:41:51 +0300] "GET /draw_graph.php HTTP/1.1" 200 40
::1 - - [28/Apr/2024:17:41:51 +0300] "GET /draw_graph.php HTTP/1.1" 200 40
::1 - - [28/Apr/2024:17:41:51 +0300] "GET /draw_graph.php HTTP/1.1" 200 40
::1 - - [28/Apr/2024:17:42:02 +0300] "GET /draw_graph.php HTTP/1.1" 200 40
::1 - - [28/Apr/2024:17:42:03 +0300] "GET /draw_graph.php HTTP/1.1" 200 40
::1 - - [28/Apr/2024:17:42:03 +0300] "GET /draw_graph.php HTTP/1.1" 200 40
::1 - - [28/Apr/2024:17:46:54 +0300] "GET /draw_graph.php HTTP/1.1" 200 40
::1 - - [28/Apr/2024:17:49:26 +0300] "GET /new.php HTTP/1.1" 200 7
::1 - - [28/Apr/2024:17:49:27 +0300] "GET /new.php HTTP/1.1" 200 7
::1 - - [28/Apr/2024:17:49:28 +0300] "GET /new.php HTTP/1.1" 200 7
::1 - - [28/Apr/2024:17:49:28 +0300] "GET /new.php HTTP/1.1" 200 7
::1 - - [28/Apr/2024:17:49:28 +0300] "GET /new.php HTTP/1.1" 200 7
::1 - - [28/Apr/2024:17:49:29 +0300] "GET /new.php HTTP/1.1" 200 7
::1 - - [28/Apr/2024:17:49:33 +0300] "GET /index.php HTTP/1.1" 200 73115
::1 - - [28/Apr/2024:17:49:37 +0300] "GET /new.php HTTP/1.1" 200 7
::1 - - [28/Apr/2024:17:51:26 +0300] "GET /index.php HTTP/1.1" 200 49
::1 - - [28/Apr/2024:17:51:28 +0300] "GET /new.php HTTP/1.1" 200 42
::1 - - [28/Apr/2024:17:51:29 +0300] "GET /index.php HTTP/1.1" 200 49
::1 - - [28/Apr/2024:17:52:11 +0300] "GET /index.php HTTP/1.1" 200 54
::1 - - [28/Apr/2024:17:52:13 +0300] "GET /new.php HTTP/1.1" 200 47
::1 - - [28/Apr/2024:17:52:14 +0300] "GET /index.php HTTP/1.1" 200 54
::1 - - [28/Apr/2024:17:52:15 +0300] "GET /new.php HTTP/1.1" 200 47
::1 - - [28/Apr/2024:17:52:15 +0300] "GET /index.php HTTP/1.1" 200 54
::1 - - [28/Apr/2024:17:52:15 +0300] "GET /new.php HTTP/1.1" 200 47
::1 - - [28/Apr/2024:17:52:16 +0300] "GET /index.php HTTP/1.1" 200 54
::1 - - [28/Apr/2024:17:52:18 +0300] "GET /new.php HTTP/1.1" 200 47
::1 - - [28/Apr/2024:17:52:19 +0300] "GET /index.php HTTP/1.1" 200 54
::1 - - [28/Apr/2024:17:52:20 +0300] "GET /new.php HTTP/1.1" 200 47
::1 - - [28/Apr/2024:17:52:21 +0300] "GET /index.php HTTP/1.1" 200 54
::1 - - [28/Apr/2024:17:52:21 +0300] "GET /new.php HTTP/1.1" 200 47
::1 - - [28/Apr/2024:17:52:22 +0300] "GET /index.php HTTP/1.1" 200 54
::1 - - [28/Apr/2024:17:52:22 +0300] "GET /new.php HTTP/1.1" 200 47
::1 - - [28/Apr/2024:17:52:22 +0300] "GET /index.php HTTP/1.1" 200 54
::1 - - [28/Apr/2024:17:52:23 +0300] "GET /new.php HTTP/1.1" 200 47
::1 - - [28/Apr/2024:17:52:23 +0300] "GET /index.php HTTP/1.1" 200 54
::1 - - [28/Apr/2024:17:52:30 +0300] "GET /draw_graph.php HTTP/1.1" 200 40
::1 - - [28/Apr/2024:17:53:55 +0300] "GET /draw_graph.php HTTP/1.1" 200 40
::1 - - [28/Apr/2024:17:53:56 +0300] "GET /draw_graph.php HTTP/1.1" 200 40
::1 - - [28/Apr/2024:17:53:56 +0300] "GET /draw_graph.php HTTP/1.1" 200 40
::1 - - [28/Apr/2024:17:53:56 +0300] "GET /draw_graph.php HTTP/1.1" 200 40
::1 - - [28/Apr/2024:17:53:56 +0300] "GET /draw_graph.php HTTP/1.1" 200 40
::1 - - [28/Apr/2024:17:53:57 +0300] "GET /draw_graph.php HTTP/1.1" 200 40
::1 - - [28/Apr/2024:17:53:57 +0300] "GET /draw_graph.php HTTP/1.1" 200 40
::1 - - [28/Apr/2024:17:53:57 +0300] "GET /draw_graph.php HTTP/1.1" 200 40
::1 - - [28/Apr/2024:17:53:59 +0300] "GET /draw_graph. HTTP/1.1" 404 196
::1 - - [28/Apr/2024:17:54:04 +0300] "GET /draw_graph.php HTTP/1.1" 200 40
::1 - - [28/Apr/2024:17:54:51 +0300] "GET /draw_graph.php HTTP/1.1" 200 40
::1 - - [28/Apr/2024:17:54:51 +0300] "GET /draw_graph.php HTTP/1.1" 200 40
::1 - - [28/Apr/2024:18:15:08 +0300] "GET /index.php HTTP/1.1" 200 54
::1 - - [28/Apr/2024:18:15:08 +0300] "GET /favicon.ico HTTP/1.1" 404 196
::1 - - [28/Apr/2024:18:15:11 +0300] "GET /index.php HTTP/1.1" 200 54
::1 - - [28/Apr/2024:18:15:12 +0300] "GET /new.php HTTP/1.1" 200 47
::1 - - [28/Apr/2024:18:15:13 +0300] "GET /index.php HTTP/1.1" 200 54
::1 - - [28/Apr/2024:18:15:15 +0300] "GET /draw_graph.php HTTP/1.1" 200 40
::1 - - [28/Apr/2024:18:15:17 +0300] "GET /draw_graph.php HTTP/1.1" 200 40
::1 - - [28/Apr/2024:18:15:18 +0300] "GET /draw_graph.php HTTP/1.1" 200 40
::1 - - [28/Apr/2024:18:15:18 +0300] "GET /draw_graph.php HTTP/1.1" 200 40
::1 - - [28/Apr/2024:18:15:18 +0300] "GET /draw_graph.php HTTP/1.1" 200 40
::1 - - [28/Apr/2024:18:15:20 +0300] "GET /draw_graph.php HTTP/1.1" 200 40
::1 - - [28/Apr/2024:18:15:24 +0300] "GET /draw_graph.php HTTP/1.1" 200 40
::1 - - [28/Apr/2024:18:15:25 +0300] "GET /draw_graph.php HTTP/1.1" 200 40
::1 - - [28/Apr/2024:18:16:56 +0300] "GET /draw_graph.php HTTP/1.1" 200 312
::1 - - [28/Apr/2024:18:21:49 +0300] "GET /draw_graph.php HTTP/1.1" 200 312
::1 - - [28/Apr/2024:18:21:53 +0300] "GET /index.php HTTP/1.1" 200 73116
::1 - - [28/Apr/2024:18:23:45 +0300] "GET /index.php HTTP/1.1" 200 73352
::1 - - [28/Apr/2024:18:23:46 +0300] "GET /index.php HTTP/1.1" 200 73350
::1 - - [28/Apr/2024:18:23:48 +0300] "GET /index.php HTTP/1.1" 200 73352
::1 - - [28/Apr/2024:18:23:49 +0300] "GET /index.php HTTP/1.1" 200 73352
::1 - - [28/Apr/2024:18:23:53 +0300] "GET /index.php HTTP/1.1" 200 73351
::1 - - [28/Apr/2024:18:23:54 +0300] "GET /index.php HTTP/1.1" 200 73352
::1 - - [28/Apr/2024:18:23:54 +0300] "GET /index.php HTTP/1.1" 200 73352
::1 - - [28/Apr/2024:18:23:55 +0300] "GET /index.php HTTP/1.1" 200 73352
::1 - - [28/Apr/2024:18:23:55 +0300] "GET /index.php HTTP/1.1" 200 73352
::1 - - [28/Apr/2024:18:23:56 +0300] "GET /index.php HTTP/1.1" 200 73351
::1 - - [28/Apr/2024:18:23:57 +0300] "GET /index.php HTTP/1.1" 200 73352
::1 - - [28/Apr/2024:18:23:58 +0300] "GET /index.php HTTP/1.1" 200 73352
::1 - - [28/Apr/2024:18:25:36 +0300] "GET /index.php HTTP/1.1" 200 73352
::1 - - [28/Apr/2024:18:25:37 +0300] "GET /index.php HTTP/1.1" 200 73352
::1 - - [28/Apr/2024:18:25:37 +0300] "GET /index.php HTTP/1.1" 200 73352
::1 - - [28/Apr/2024:18:25:38 +0300] "GET /index.php HTTP/1.1" 200 73352
::1 - - [28/Apr/2024:18:25:38 +0300] "GET /index.php HTTP/1.1" 200 73352
::1 - - [28/Apr/2024:18:25:40 +0300] "GET /index. HTTP/1.1" 404 196
::1 - - [28/Apr/2024:18:25:41 +0300] "GET /index. HTTP/1.1" 404 196
::1 - - [28/Apr/2024:18:25:41 +0300] "GET /index. HTTP/1.1" 404 196
::1 - - [28/Apr/2024:18:25:42 +0300] "GET /index. HTTP/1.1" 404 196
::1 - - [28/Apr/2024:18:25:42 +0300] "GET /index. HTTP/1.1" 404 196
::1 - - [28/Apr/2024:18:25:42 +0300] "GET /index. HTTP/1.1" 404 196
::1 - - [28/Apr/2024:18:26:49 +0300] "GET /index. HTTP/1.1" 404 196
::1 - - [28/Apr/2024:18:26:52 +0300] "GET /index.php HTTP/1.1" 200 73116
::1 - - [28/Apr/2024:18:27:02 +0300] "GET /draw_graph.php HTTP/1.1" 200 312
::1 - - [28/Apr/2024:18:28:47 +0300] "GET /draw_graph.php HTTP/1.1" 200 312
::1 - - [28/Apr/2024:18:28:47 +0300] "GET /draw_graph.php HTTP/1.1" 200 312
::1 - - [28/Apr/2024:18:28:47 +0300] "GET /draw_graph.php HTTP/1.1" 200 312
::1 - - [28/Apr/2024:18:28:48 +0300] "GET /draw_graph.php HTTP/1.1" 200 312
::1 - - [28/Apr/2024:18:28:48 +0300] "GET /draw_graph.php HTTP/1.1" 200 312
::1 - - [28/Apr/2024:18:28:48 +0300] "GET /draw_graph.php HTTP/1.1" 200 312
::1 - - [28/Apr/2024:18:28:49 +0300] "GET /draw_graph.php HTTP/1.1" 200 312
::1 - - [28/Apr/2024:18:28:52 +0300] "GET /draw_graph.php HTTP/1.1" 200 312
::1 - - [28/Apr/2024:18:28:52 +0300] "GET /draw_graph.php HTTP/1.1" 200 312
::1 - - [28/Apr/2024:18:28:52 +0300] "GET /draw_graph.php HTTP/1.1" 200 312
::1 - - [28/Apr/2024:18:28:53 +0300] "GET /draw_graph.php HTTP/1.1" 200 312
::1 - - [28/Apr/2024:18:28:53 +0300] "GET /draw_graph.php HTTP/1.1" 200 312
::1 - - [28/Apr/2024:18:28:53 +0300] "GET /draw_graph.php HTTP/1.1" 200 312
::1 - - [28/Apr/2024:18:28:53 +0300] "GET /draw_graph.php HTTP/1.1" 200 312
::1 - - [28/Apr/2024:18:28:53 +0300] "GET /draw_graph.php HTTP/1.1" 200 312
::1 - - [28/Apr/2024:18:28:54 +0300] "GET /draw_graph.php HTTP/1.1" 200 312
::1 - - [28/Apr/2024:18:28:54 +0300] "GET /draw_graph.php HTTP/1.1" 200 312
::1 - - [28/Apr/2024:18:28:54 +0300] "GET /draw_graph.php HTTP/1.1" 200 312
::1 - - [28/Apr/2024:18:33:09 +0300] "GET /draw_graph.php HTTP/1.1" 200 204
::1 - - [28/Apr/2024:18:33:09 +0300] "GET /draw_graph.php HTTP/1.1" 200 204
::1 - - [28/Apr/2024:18:33:14 +0300] "GET /draw_graph.php HTTP/1.1" 200 204
::1 - - [28/Apr/2024:18:33:15 +0300] "GET /draw_graph.php HTTP/1.1" 200 204
::1 - - [28/Apr/2024:18:33:15 +0300] "GET /draw_graph.php HTTP/1.1" 200 204
::1 - - [28/Apr/2024:18:33:15 +0300] "GET /draw_graph.php HTTP/1.1" 200 204
::1 - - [28/Apr/2024:18:42:15 +0300] "GET /index.php HTTP/1.1" 200 74726
::1 - - [28/Apr/2024:18:42:57 +0300] "GET /draw_graph.php HTTP/1.1" 200 118
::1 - - [28/Apr/2024:18:43:28 +0300] "GET /index.php HTTP/1.1" 200 74726
::1 - - [28/Apr/2024:18:43:38 +0300] "GET /index.php HTTP/1.1" 200 74725
::1 - - [28/Apr/2024:18:43:45 +0300] "GET /index. HTTP/1.1" 404 196
::1 - - [28/Apr/2024:18:43:48 +0300] "GET /draw_graph.php HTTP/1.1" 200 5413
::1 - - [28/Apr/2024:18:47:50 +0300] "GET /index.php HTTP/1.1" 200 539
::1 - - [28/Apr/2024:18:47:52 +0300] "POST /index.php HTTP/1.1" 200 539
::1 - - [28/Apr/2024:18:47:52 +0300] "POST /index.php HTTP/1.1" 200 539
::1 - - [28/Apr/2024:18:47:53 +0300] "POST /index.php HTTP/1.1" 200 539
::1 - - [28/Apr/2024:18:48:17 +0300] "POST /index.php HTTP/1.1" 200 5793
::1 - - [28/Apr/2024:18:48:18 +0300] "POST /index.php HTTP/1.1" 200 5793
::1 - - [28/Apr/2024:18:48:19 +0300] "POST /index.php HTTP/1.1" 200 5793
::1 - - [28/Apr/2024:18:48:20 +0300] "POST /index.php HTTP/1.1" 200 5793
::1 - - [28/Apr/2024:18:48:22 +0300] "POST /index.php HTTP/1.1" 200 5793
::1 - - [28/Apr/2024:18:48:24 +0300] "POST /index.php HTTP/1.1" 200 5793
::1 - - [28/Apr/2024:18:48:26 +0300] "POST /index.php HTTP/1.1" 200 5793
::1 - - [28/Apr/2024:18:48:27 +0300] "POST /index.php HTTP/1.1" 200 5793
::1 - - [28/Apr/2024:18:48:27 +0300] "POST /index.php HTTP/1.1" 200 5793
::1 - - [28/Apr/2024:18:48:29 +0300] "POST /index.php HTTP/1.1" 200 5793
::1 - - [28/Apr/2024:18:48:30 +0300] "POST /index.php HTTP/1.1" 200 5793
::1 - - [28/Apr/2024:19:45:51 +0300] "POST /index.php HTTP/1.1" 200 5793
::1 - - [28/Apr/2024:19:48:00 +0300] "POST /index.php HTTP/1.1" 200 5793
::1 - - [28/Apr/2024:19:48:01 +0300] "POST /index.php HTTP/1.1" 200 5793
::1 - - [28/Apr/2024:19:48:03 +0300] "POST /index.php HTTP/1.1" 200 5793
::1 - - [28/Apr/2024:19:48:03 +0300] "POST /index.php HTTP/1.1" 200 5793
::1 - - [28/Apr/2024:19:48:05 +0300] "POST /index.php HTTP/1.1" 200 5793
::1 - - [28/Apr/2024:19:48:06 +0300] "POST /index.php HTTP/1.1" 200 5793
::1 - - [28/Apr/2024:19:48:07 +0300] "POST /index.php HTTP/1.1" 200 5793
::1 - - [28/Apr/2024:19:48:08 +0300] "POST /index.php HTTP/1.1" 200 5793
::1 - - [28/Apr/2024:19:48:09 +0300] "POST /index.php HTTP/1.1" 200 5793
::1 - - [28/Apr/2024:19:48:10 +0300] "POST /index.php HTTP/1.1" 200 5793
::1 - - [28/Apr/2024:19:48:11 +0300] "POST /index.php HTTP/1.1" 200 5793
::1 - - [28/Apr/2024:19:48:27 +0300] "POST /index.php HTTP/1.1" 200 5793
::1 - - [28/Apr/2024:19:48:28 +0300] "POST /index.php HTTP/1.1" 200 5793
::1 - - [28/Apr/2024:19:48:28 +0300] "POST /index.php HTTP/1.1" 200 5793
::1 - - [28/Apr/2024:19:48:29 +0300] "POST /index.php HTTP/1.1" 200 5793
::1 - - [28/Apr/2024:19:48:29 +0300] "POST /index.php HTTP/1.1" 200 5793
::1 - - [28/Apr/2024:19:48:29 +0300] "POST /index.php HTTP/1.1" 200 5793
::1 - - [28/Apr/2024:19:48:29 +0300] "POST /index.php HTTP/1.1" 200 5793
::1 - - [28/Apr/2024:19:48:30 +0300] "POST /index.php HTTP/1.1" 200 5793
::1 - - [28/Apr/2024:19:48:30 +0300] "POST /index.php HTTP/1.1" 200 5793
::1 - - [28/Apr/2024:19:48:31 +0300] "POST /index.php HTTP/1.1" 200 5793
::1 - - [28/Apr/2024:19:48:31 +0300] "POST /index.php HTTP/1.1" 200 5793
::1 - - [28/Apr/2024:19:48:32 +0300] "POST /index.php HTTP/1.1" 200 5793
::1 - - [28/Apr/2024:19:48:32 +0300] "POST /index.php HTTP/1.1" 200 5793
::1 - - [28/Apr/2024:19:49:57 +0300] "POST /index.php HTTP/1.1" 200 5793
::1 - - [28/Apr/2024:19:49:58 +0300] "POST /index.php HTTP/1.1" 200 5793
::1 - - [28/Apr/2024:19:51:40 +0300] "POST /index.php HTTP/1.1" 200 5793
::1 - - [28/Apr/2024:19:51:41 +0300] "POST /index.php HTTP/1.1" 200 5793
::1 - - [28/Apr/2024:19:51:42 +0300] "POST /index.php HTTP/1.1" 200 5793
::1 - - [29/Apr/2024:11:37:40 +0300] "GET /save_data.php HTTP/1.1" 200 118
::1 - - [29/Apr/2024:11:37:40 +0300] "GET /favicon.ico HTTP/1.1" 404 196
::1 - - [29/Apr/2024:11:39:53 +0300] "POST /save_data.php HTTP/1.1" 200 518
::1 - - [29/Apr/2024:11:40:27 +0300] "POST /save_data.php HTTP/1.1" 200 27
::1 - - [29/Apr/2024:11:40:53 +0300] "POST /save_data.php HTTP/1.1" 200 27
::1 - - [29/Apr/2024:11:41:48 +0300] "GET /draw_graph.php HTTP/1.1" 200 1065
::1 - - [29/Apr/2024:11:41:57 +0300] "GET /index.php HTTP/1.1" 200 441
::1 - - [29/Apr/2024:11:41:59 +0300] "POST /index.php HTTP/1.1" 200 1445
::1 - - [29/Apr/2024:11:42:00 +0300] "POST /index.php HTTP/1.1" 200 1445
::1 - - [29/Apr/2024:11:42:01 +0300] "POST /index.php HTTP/1.1" 200 1445
::1 - - [29/Apr/2024:11:42:06 +0300] "POST /index.php HTTP/1.1" 200 1445
::1 - - [29/Apr/2024:11:42:09 +0300] "POST /index.php HTTP/1.1" 200 1445
::1 - - [29/Apr/2024:11:42:24 +0300] "POST /save_data.php HTTP/1.1" 200 27
::1 - - [29/Apr/2024:11:42:28 +0300] "POST /index.php HTTP/1.1" 200 1483
::1 - - [29/Apr/2024:11:42:33 +0300] "POST /index.php HTTP/1.1" 200 1483
::1 - - [29/Apr/2024:11:46:34 +0300] "POST /index.php HTTP/1.1" 200 1367
::1 - - [29/Apr/2024:11:46:35 +0300] "POST /index.php HTTP/1.1" 200 1367
::1 - - [29/Apr/2024:11:46:38 +0300] "POST /index.php HTTP/1.1" 200 1367
::1 - - [29/Apr/2024:11:46:39 +0300] "POST /index.php HTTP/1.1" 200 1367
::1 - - [29/Apr/2024:11:46:39 +0300] "POST /index.php HTTP/1.1" 200 1367
::1 - - [29/Apr/2024:11:46:40 +0300] "POST /index.php HTTP/1.1" 200 1477
::1 - - [29/Apr/2024:11:46:41 +0300] "POST /index.php HTTP/1.1" 200 1367
::1 - - [29/Apr/2024:11:46:41 +0300] "POST /index.php HTTP/1.1" 200 1477
::1 - - [29/Apr/2024:11:46:50 +0300] "POST /index.php HTTP/1.1" 200 1367
::1 - - [29/Apr/2024:11:46:54 +0300] "POST /index.php HTTP/1.1" 200 1477
::1 - - [29/Apr/2024:11:47:00 +0300] "POST /index.php HTTP/1.1" 200 1367
::1 - - [29/Apr/2024:11:47:44 +0300] "POST /index.php HTTP/1.1" 200 1367
::1 - - [29/Apr/2024:11:47:45 +0300] "POST /index.php HTTP/1.1" 200 1477
::1 - - [29/Apr/2024:11:47:48 +0300] "POST /index.php HTTP/1.1" 200 1367
::1 - - [29/Apr/2024:11:47:51 +0300] "POST /index.php HTTP/1.1" 200 1367
::1 - - [29/Apr/2024:11:48:04 +0300] "POST /index.php HTTP/1.1" 200 1367
::1 - - [29/Apr/2024:11:48:05 +0300] "POST /index.php HTTP/1.1" 200 1477
::1 - - [29/Apr/2024:11:52:51 +0300] "POST /index.php HTTP/1.1" 200 1477
::1 - - [29/Apr/2024:11:52:53 +0300] "POST /index.php HTTP/1.1" 200 1477
::1 - - [29/Apr/2024:11:52:54 +0300] "POST /index.php HTTP/1.1" 200 1367
::1 - - [29/Apr/2024:11:52:54 +0300] "POST /index.php HTTP/1.1" 200 1367
::1 - - [29/Apr/2024:11:52:55 +0300] "POST /index.php HTTP/1.1" 200 1367
::1 - - [29/Apr/2024:11:52:56 +0300] "POST /index.php HTTP/1.1" 200 1477
::1 - - [29/Apr/2024:11:52:56 +0300] "POST /index.php HTTP/1.1" 200 1367
::1 - - [29/Apr/2024:11:52:57 +0300] "POST /index.php HTTP/1.1" 200 1477
::1 - - [29/Apr/2024:11:53:07 +0300] "POST /index.php HTTP/1.1" 200 1477
::1 - - [29/Apr/2024:11:53:10 +0300] "POST /index.php HTTP/1.1" 200 1367
::1 - - [29/Apr/2024:11:53:10 +0300] "POST /index.php HTTP/1.1" 200 1367
::1 - - [29/Apr/2024:11:53:11 +0300] "POST /index.php HTTP/1.1" 200 1367
::1 - - [29/Apr/2024:11:54:39 +0300] "POST /index.php HTTP/1.1" 200 1367
::1 - - [29/Apr/2024:11:54:40 +0300] "POST /index.php HTTP/1.1" 200 2123
::1 - - [29/Apr/2024:11:54:41 +0300] "POST /index.php HTTP/1.1" 200 1367
::1 - - [29/Apr/2024:11:54:42 +0300] "POST /index.php HTTP/1.1" 200 1367
::1 - - [29/Apr/2024:11:54:43 +0300] "POST /index.php HTTP/1.1" 200 2123
::1 - - [29/Apr/2024:11:56:45 +0300] "POST /index.php HTTP/1.1" 200 1629
::1 - - [29/Apr/2024:11:56:46 +0300] "POST /index.php HTTP/1.1" 200 1629
::1 - - [29/Apr/2024:11:56:47 +0300] "POST /index.php HTTP/1.1" 200 1367
::1 - - [29/Apr/2024:11:56:48 +0300] "POST /index.php HTTP/1.1" 200 1367
::1 - - [29/Apr/2024:11:56:49 +0300] "POST /index.php HTTP/1.1" 200 1367
::1 - - [29/Apr/2024:11:56:49 +0300] "POST /index.php HTTP/1.1" 200 1629
::1 - - [29/Apr/2024:11:57:14 +0300] "POST /index.php HTTP/1.1" 200 1367
::1 - - [29/Apr/2024:11:57:16 +0300] "POST /index.php HTTP/1.1" 200 1629
::1 - - [29/Apr/2024:15:10:12 +0300] "GET /draw_graph.php HTTP/1.1" 200 1255
::1 - - [29/Apr/2024:15:10:13 +0300] "GET /favicon.ico HTTP/1.1" 404 196
::1 - - [29/Apr/2024:15:10:16 +0300] "GET /index.php HTTP/1.1" 200 435
::1 - - [29/Apr/2024:15:10:18 +0300] "POST /index.php HTTP/1.1" 200 1629
::1 - - [29/Apr/2024:15:10:19 +0300] "POST /index.php HTTP/1.1" 200 1593
::1 - - [29/Apr/2024:15:10:20 +0300] "POST /index.php HTTP/1.1" 200 1629
::1 - - [29/Apr/2024:15:10:26 +0300] "POST /index.php HTTP/1.1" 200 1593
::1 - - [29/Apr/2024:15:10:31 +0300] "POST /index.php HTTP/1.1" 200 1593
::1 - - [29/Apr/2024:15:10:32 +0300] "POST /index.php HTTP/1.1" 200 2009
::1 - - [29/Apr/2024:15:10:43 +0300] "POST /index.php HTTP/1.1" 200 1593
::1 - - [29/Apr/2024:15:10:44 +0300] "POST /index.php HTTP/1.1" 200 1629
::1 - - [29/Apr/2024:15:10:44 +0300] "POST /index.php HTTP/1.1" 200 1593
::1 - - [29/Apr/2024:15:10:46 +0300] "POST /index.php HTTP/1.1" 200 1629
::1 - - [29/Apr/2024:15:10:46 +0300] "POST /index.php HTTP/1.1" 200 1593
::1 - - [29/Apr/2024:15:10:46 +0300] "POST /index.php HTTP/1.1" 200 2009
::1 - - [29/Apr/2024:15:10:51 +0300] "POST /index.php HTTP/1.1" 200 1593
::1 - - [29/Apr/2024:15:10:52 +0300] "POST /index.php HTTP/1.1" 200 1629
::1 - - [29/Apr/2024:15:10:53 +0300] "POST /index.php HTTP/1.1" 200 1593
::1 - - [29/Apr/2024:15:10:53 +0300] "POST /index.php HTTP/1.1" 200 2009
::1 - - [29/Apr/2024:15:10:55 +0300] "POST /index.php HTTP/1.1" 200 1593
::1 - - [29/Apr/2024:15:10:55 +0300] "POST /index.php HTTP/1.1" 200 1629
::1 - - [29/Apr/2024:15:10:56 +0300] "POST /index.php HTTP/1.1" 200 1593
::1 - - [29/Apr/2024:15:11:06 +0300] "POST /index.php HTTP/1.1" 200 1593
::1 - - [29/Apr/2024:15:11:07 +0300] "POST /index.php HTTP/1.1" 200 1629
::1 - - [29/Apr/2024:15:11:08 +0300] "POST /index.php HTTP/1.1" 200 1593
::1 - - [29/Apr/2024:15:11:08 +0300] "POST /index.php HTTP/1.1" 200 2009
::1 - - [29/Apr/2024:15:12:00 +0300] "POST /index.php HTTP/1.1" 200 1593
::1 - - [29/Apr/2024:15:12:12 +0300] "POST /index.php HTTP/1.1" 200 1629
::1 - - [29/Apr/2024:15:12:19 +0300] "POST /index.php HTTP/1.1" 200 1593
::1 - - [29/Apr/2024:15:12:29 +0300] "POST /index.php HTTP/1.1" 200 2009
::1 - - [29/Apr/2024:15:12:38 +0300] "POST /index.php HTTP/1.1" 200 1593
::1 - - [29/Apr/2024:15:12:39 +0300] "POST /index.php HTTP/1.1" 200 1629
::1 - - [29/Apr/2024:15:12:44 +0300] "POST /index.php HTTP/1.1" 200 2009
::1 - - [29/Apr/2024:15:12:48 +0300] "POST /index.php HTTP/1.1" 200 1593
::1 - - [29/Apr/2024:15:12:48 +0300] "POST /index.php HTTP/1.1" 200 2009
::1 - - [29/Apr/2024:15:19:48 +0300] "POST /index.php HTTP/1.1" 200 4063
::1 - - [29/Apr/2024:15:19:50 +0300] "POST /index.php HTTP/1.1" 200 4063
::1 - - [29/Apr/2024:15:19:51 +0300] "POST /index.php HTTP/1.1" 200 1367
::1 - - [29/Apr/2024:15:19:52 +0300] "POST /index.php HTTP/1.1" 200 1367
::1 - - [29/Apr/2024:15:19:53 +0300] "POST /index.php HTTP/1.1" 200 1367
::1 - - [29/Apr/2024:15:19:56 +0300] "POST /index.php HTTP/1.1" 200 4063
::1 - - [29/Apr/2024:15:21:26 +0300] "POST /index.php HTTP/1.1" 200 4108
::1 - - [29/Apr/2024:15:21:39 +0300] "POST /index.php HTTP/1.1" 200 4108
::1 - - [29/Apr/2024:15:21:41 +0300] "POST /index.php HTTP/1.1" 200 4108
::1 - - [29/Apr/2024:15:21:42 +0300] "POST /index.php HTTP/1.1" 200 1367
::1 - - [29/Apr/2024:15:21:43 +0300] "POST /index.php HTTP/1.1" 200 4108
::1 - - [29/Apr/2024:15:35:04 +0300] "POST /index.php HTTP/1.1" 200 4108
::1 - - [29/Apr/2024:15:35:05 +0300] "POST /index.php HTTP/1.1" 200 3023
::1 - - [29/Apr/2024:15:35:06 +0300] "POST /index.php HTTP/1.1" 200 4108
::1 - - [29/Apr/2024:15:35:13 +0300] "POST /index.php HTTP/1.1" 200 3023
::1 - - [29/Apr/2024:15:35:43 +0300] "POST /index.php HTTP/1.1" 200 4108
::1 - - [29/Apr/2024:15:36:07 +0300] "POST /index.php HTTP/1.1" 200 3023
::1 - - [29/Apr/2024:15:36:08 +0300] "POST /index.php HTTP/1.1" 200 4108
::1 - - [29/Apr/2024:15:36:09 +0300] "POST /index.php HTTP/1.1" 200 3023
::1 - - [29/Apr/2024:15:36:10 +0300] "POST /index.php HTTP/1.1" 200 1367
::1 - - [29/Apr/2024:15:36:12 +0300] "POST /index.php HTTP/1.1" 200 3023
::1 - - [29/Apr/2024:15:36:12 +0300] "POST /index.php HTTP/1.1" 200 4108
::1 - - [29/Apr/2024:16:29:37 +0300] "POST /index.php HTTP/1.1" 200 4047
::1 - - [29/Apr/2024:16:29:38 +0300] "POST /index.php HTTP/1.1" 200 4047
::1 - - [29/Apr/2024:16:29:39 +0300] "POST /index.php HTTP/1.1" 200 3124
::1 - - [29/Apr/2024:16:29:40 +0300] "POST /index.php HTTP/1.1" 200 16083
::1 - - [29/Apr/2024:16:29:52 +0300] "POST /index.php HTTP/1.1" 200 3124
::1 - - [29/Apr/2024:16:29:53 +0300] "POST /index.php HTTP/1.1" 200 4047
::1 - - [29/Apr/2024:16:29:54 +0300] "POST /index.php HTTP/1.1" 200 3124
::1 - - [29/Apr/2024:16:32:50 +0300] "POST /index.php HTTP/1.1" 200 3137
::1 - - [29/Apr/2024:16:32:51 +0300] "POST /index.php HTTP/1.1" 200 3944
::1 - - [29/Apr/2024:16:32:52 +0300] "POST /index.php HTTP/1.1" 200 3137
::1 - - [29/Apr/2024:16:32:53 +0300] "POST /index.php HTTP/1.1" 200 3944
::1 - - [29/Apr/2024:16:33:11 +0300] "POST /index.php HTTP/1.1" 200 4047
::1 - - [29/Apr/2024:16:33:12 +0300] "POST /index.php HTTP/1.1" 200 3124
::1 - - [29/Apr/2024:16:33:13 +0300] "POST /index.php HTTP/1.1" 200 4047
::1 - - [29/Apr/2024:16:33:27 +0300] "POST /index.php HTTP/1.1" 200 3124
::1 - - [29/Apr/2024:16:33:30 +0300] "POST /index.php HTTP/1.1" 200 4047
::1 - - [29/Apr/2024:16:33:31 +0300] "POST /index.php HTTP/1.1" 200 3124
::1 - - [29/Apr/2024:16:33:31 +0300] "POST /index.php HTTP/1.1" 200 3943
::1 - - [29/Apr/2024:16:33:33 +0300] "POST /index.php HTTP/1.1" 200 3124
::1 - - [29/Apr/2024:16:33:34 +0300] "POST /index.php HTTP/1.1" 200 4047
::1 - - [29/Apr/2024:16:33:45 +0300] "POST /index.php HTTP/1.1" 200 3124
::1 - - [29/Apr/2024:16:33:46 +0300] "POST /index.php HTTP/1.1" 200 4047
::1 - - [29/Apr/2024:16:33:47 +0300] "POST /index.php HTTP/1.1" 200 3943
::1 - - [29/Apr/2024:16:33:48 +0300] "POST /index.php HTTP/1.1" 200 3124
::1 - - [29/Apr/2024:16:33:49 +0300] "POST /index.php HTTP/1.1" 200 4047
::1 - - [29/Apr/2024:16:36:58 +0300] "GET /new.php HTTP/1.1" 200 1157
::1 - - [29/Apr/2024:16:37:00 +0300] "POST /index.php HTTP/1.1" 200 435
::1 - - [29/Apr/2024:16:37:01 +0300] "POST /index.php HTTP/1.1" 200 3138
::1 - - [29/Apr/2024:16:37:03 +0300] "POST /index.php HTTP/1.1" 200 4047
::1 - - [29/Apr/2024:16:37:04 +0300] "POST /index.php HTTP/1.1" 200 3138
::1 - - [29/Apr/2024:16:37:04 +0300] "POST /index.php HTTP/1.1" 200 3942
::1 - - [29/Apr/2024:16:37:05 +0300] "POST /index.php HTTP/1.1" 200 4047
::1 - - [29/Apr/2024:16:37:15 +0300] "POST /index.php HTTP/1.1" 200 435
::1 - - [29/Apr/2024:16:38:06 +0300] "POST /index.php HTTP/1.1" 200 435
::1 - - [29/Apr/2024:16:38:07 +0300] "POST /index.php HTTP/1.1" 200 3123
::1 - - [29/Apr/2024:16:38:10 +0300] "POST /index.php HTTP/1.1" 200 435
::1 - - [29/Apr/2024:16:38:12 +0300] "POST /index.php HTTP/1.1" 200 435
::1 - - [29/Apr/2024:16:38:14 +0300] "POST /index.php HTTP/1.1" 200 435
::1 - - [29/Apr/2024:16:39:04 +0300] "GET /new.php HTTP/1.1" 200 1157
::1 - - [29/Apr/2024:16:39:06 +0300] "POST /index.php HTTP/1.1" 200 3823
::1 - - [29/Apr/2024:16:39:08 +0300] "POST /index.php HTTP/1.1" 200 7632
::1 - - [29/Apr/2024:16:39:09 +0300] "POST /index.php HTTP/1.1" 200 10591
::1 - - [29/Apr/2024:16:39:10 +0300] "POST /index.php HTTP/1.1" 200 7632
::1 - - [29/Apr/2024:16:39:12 +0300] "POST /index.php HTTP/1.1" 200 10591
::1 - - [29/Apr/2024:16:39:14 +0300] "POST /index.php HTTP/1.1" 200 3823
::1 - - [29/Apr/2024:16:39:15 +0300] "POST /index.php HTTP/1.1" 200 7635
::1 - - [29/Apr/2024:16:39:18 +0300] "POST /index.php HTTP/1.1" 200 3823
::1 - - [29/Apr/2024:16:39:19 +0300] "POST /index.php HTTP/1.1" 200 7635
::1 - - [29/Apr/2024:16:39:21 +0300] "POST /index.php HTTP/1.1" 200 3823
::1 - - [29/Apr/2024:16:39:27 +0300] "POST /index.php HTTP/1.1" 200 10592
::1 - - [29/Apr/2024:16:39:29 +0300] "POST /index.php HTTP/1.1" 200 10591
::1 - - [29/Apr/2024:16:39:30 +0300] "POST /index.php HTTP/1.1" 200 3823
::1 - - [29/Apr/2024:16:44:20 +0300] "POST /index.php HTTP/1.1" 200 3823
::1 - - [29/Apr/2024:16:44:22 +0300] "POST /index.php HTTP/1.1" 200 3823
::1 - - [29/Apr/2024:16:44:23 +0300] "POST /index.php HTTP/1.1" 200 5165
::1 - - [29/Apr/2024:16:44:24 +0300] "POST /index.php HTTP/1.1" 200 3823
::1 - - [29/Apr/2024:16:44:24 +0300] "POST /index.php HTTP/1.1" 200 5165
::1 - - [29/Apr/2024:16:44:26 +0300] "POST /index.php HTTP/1.1" 200 6193
::1 - - [29/Apr/2024:16:44:26 +0300] "POST /index.php HTTP/1.1" 200 5165
::1 - - [29/Apr/2024:16:44:27 +0300] "POST /index.php HTTP/1.1" 200 3820
::1 - - [29/Apr/2024:16:44:28 +0300] "POST /index.php HTTP/1.1" 200 5115
::1 - - [29/Apr/2024:16:44:28 +0300] "POST /index.php HTTP/1.1" 200 3820
::1 - - [29/Apr/2024:16:44:29 +0300] "POST /index.php HTTP/1.1" 200 3882
::1 - - [29/Apr/2024:16:44:30 +0300] "POST /index.php HTTP/1.1" 200 3820
::1 - - [29/Apr/2024:16:44:33 +0300] "POST /index.php HTTP/1.1" 200 3820
::1 - - [29/Apr/2024:16:46:02 +0300] "POST /index.php HTTP/1.1" 200 3820
::1 - - [29/Apr/2024:16:46:03 +0300] "POST /index.php HTTP/1.1" 200 2774
::1 - - [29/Apr/2024:16:46:04 +0300] "POST /index.php HTTP/1.1" 200 3823
::1 - - [29/Apr/2024:16:46:05 +0300] "POST /index.php HTTP/1.1" 200 2774
::1 - - [29/Apr/2024:16:46:08 +0300] "POST /index.php HTTP/1.1" 200 3154
::1 - - [29/Apr/2024:16:46:09 +0300] "POST /index.php HTTP/1.1" 200 2774
::1 - - [29/Apr/2024:16:46:10 +0300] "POST /index.php HTTP/1.1" 200 3823
::1 - - [29/Apr/2024:16:46:12 +0300] "POST /index.php HTTP/1.1" 200 2774
::1 - - [29/Apr/2024:16:46:12 +0300] "POST /index.php HTTP/1.1" 200 3154
::1 - - [29/Apr/2024:16:46:13 +0300] "POST /index.php HTTP/1.1" 200 3820
::1 - - [29/Apr/2024:16:46:14 +0300] "POST /index.php HTTP/1.1" 200 2753
::1 - - [29/Apr/2024:16:46:14 +0300] "POST /index.php HTTP/1.1" 200 3125
::1 - - [29/Apr/2024:16:46:16 +0300] "POST /index.php HTTP/1.1" 200 3882
::1 - - [29/Apr/2024:16:46:17 +0300] "POST /index.php HTTP/1.1" 200 2757
::1 - - [29/Apr/2024:16:46:18 +0300] "POST /index.php HTTP/1.1" 200 3135
::1 - - [29/Apr/2024:16:46:22 +0300] "POST /index.php HTTP/1.1" 200 3823
::1 - - [29/Apr/2024:16:47:50 +0300] "POST /index.php HTTP/1.1" 200 3741
::1 - - [29/Apr/2024:16:47:55 +0300] "POST /index.php HTTP/1.1" 200 1075
::1 - - [29/Apr/2024:16:47:58 +0300] "POST /index.php HTTP/1.1" 200 1075
::1 - - [29/Apr/2024:16:48:00 +0300] "POST /index.php HTTP/1.1" 200 1075
::1 - - [29/Apr/2024:16:49:39 +0300] "POST /index.php HTTP/1.1" 200 1191
::1 - - [29/Apr/2024:16:49:40 +0300] "POST /index.php HTTP/1.1" 200 3857
::1 - - [29/Apr/2024:16:49:41 +0300] "POST /index.php HTTP/1.1" 200 2808
::1 - - [29/Apr/2024:16:49:42 +0300] "POST /index.php HTTP/1.1" 200 3187
::1 - - [29/Apr/2024:16:49:43 +0300] "POST /index.php HTTP/1.1" 200 3854
::1 - - [29/Apr/2024:16:49:43 +0300] "POST /index.php HTTP/1.1" 200 2774
::1 - - [29/Apr/2024:16:49:44 +0300] "POST /index.php HTTP/1.1" 200 3159
::1 - - [29/Apr/2024:16:49:45 +0300] "POST /index.php HTTP/1.1" 200 3916
::1 - - [29/Apr/2024:16:49:46 +0300] "POST /index.php HTTP/1.1" 200 2779
::1 - - [29/Apr/2024:16:49:47 +0300] "POST /index.php HTTP/1.1" 200 3169
::1 - - [29/Apr/2024:16:49:48 +0300] "POST /index.php HTTP/1.1" 200 3857
::1 - - [29/Apr/2024:16:49:49 +0300] "POST /index.php HTTP/1.1" 200 2808
::1 - - [29/Apr/2024:16:49:50 +0300] "POST /index.php HTTP/1.1" 200 3857
::1 - - [29/Apr/2024:16:49:57 +0300] "POST /index.php HTTP/1.1" 200 2808
::1 - - [29/Apr/2024:16:49:58 +0300] "POST /index.php HTTP/1.1" 200 3187
::1 - - [29/Apr/2024:16:50:00 +0300] "POST /index.php HTTP/1.1" 200 3857
::1 - - [29/Apr/2024:17:46:17 +0300] "GET /temp_data.php HTTP/1.1" 200 442
::1 - - [29/Apr/2024:17:46:19 +0300] "POST /index.php HTTP/1.1" 200 3857
::1 - - [29/Apr/2024:17:46:22 +0300] "POST /index.php HTTP/1.1" 200 3857
::1 - - [29/Apr/2024:17:46:23 +0300] "POST /index.php HTTP/1.1" 200 2781
::1 - - [29/Apr/2024:17:46:25 +0300] "POST /index.php HTTP/1.1" 200 3188
::1 - - [29/Apr/2024:17:46:27 +0300] "POST /index.php HTTP/1.1" 200 2781
::1 - - [29/Apr/2024:17:46:28 +0300] "POST /index.php HTTP/1.1" 200 3188
::1 - - [29/Apr/2024:17:46:47 +0300] "GET /temp_data.php HTTP/1.1" 200 446
::1 - - [29/Apr/2024:17:46:48 +0300] "POST /temp_data.php HTTP/1.1" 200 637
::1 - - [29/Apr/2024:17:46:53 +0300] "POST /temp_data.php HTTP/1.1" 200 3112
::1 - - [29/Apr/2024:17:47:01 +0300] "POST /temp_data.php HTTP/1.1" 200 637
::1 - - [29/Apr/2024:17:47:05 +0300] "POST /temp_data.php HTTP/1.1" 200 3112
::1 - - [29/Apr/2024:17:47:33 +0300] "POST /temp_data.php HTTP/1.1" 200 3112
::1 - - [29/Apr/2024:17:47:34 +0300] "POST /temp_data.php HTTP/1.1" 200 2036
::1 - - [29/Apr/2024:17:47:35 +0300] "POST /temp_data.php HTTP/1.1" 200 3112
::1 - - [29/Apr/2024:17:47:36 +0300] "POST /temp_data.php HTTP/1.1" 200 2036
::1 - - [29/Apr/2024:17:47:36 +0300] "POST /temp_data.php HTTP/1.1" 200 2442
::1 - - [29/Apr/2024:17:47:37 +0300] "POST /temp_data.php HTTP/1.1" 200 3112
::1 - - [29/Apr/2024:17:47:39 +0300] "POST /temp_data.php HTTP/1.1" 200 2036
::1 - - [29/Apr/2024:17:47:40 +0300] "POST /temp_data.php HTTP/1.1" 200 2036
::1 - - [29/Apr/2024:17:47:41 +0300] "POST /temp_data.php HTTP/1.1" 200 2442
::1 - - [29/Apr/2024:17:47:42 +0300] "POST /temp_data.php HTTP/1.1" 200 2036
::1 - - [29/Apr/2024:17:47:43 +0300] "POST /temp_data.php HTTP/1.1" 200 3112
::1 - - [29/Apr/2024:17:48:03 +0300] "POST /temp_data.php HTTP/1.1" 200 3112
::1 - - [29/Apr/2024:17:48:04 +0300] "POST /temp_data.php HTTP/1.1" 200 2036
::1 - - [29/Apr/2024:17:48:50 +0300] "POST /temp_data.php HTTP/1.1" 200 2036
::1 - - [29/Apr/2024:17:48:53 +0300] "POST /temp_data.php HTTP/1.1" 200 2036
::1 - - [29/Apr/2024:17:48:54 +0300] "POST /temp_data.php HTTP/1.1" 200 2036
::1 - - [29/Apr/2024:17:48:55 +0300] "POST /temp_data.php HTTP/1.1" 200 3112
::1 - - [29/Apr/2024:17:49:07 +0300] "POST /temp_data.php HTTP/1.1" 200 3110
::1 - - [29/Apr/2024:17:49:09 +0300] "POST /temp_data.php HTTP/1.1" 200 3110
::1 - - [29/Apr/2024:17:49:09 +0300] "POST /temp_data.php HTTP/1.1" 200 2020
::1 - - [29/Apr/2024:17:49:09 +0300] "POST /temp_data.php HTTP/1.1" 200 2441
::1 - - [29/Apr/2024:17:50:17 +0300] "POST /temp_data.php HTTP/1.1" 200 3110
::1 - - [29/Apr/2024:17:53:46 +0300] "POST /temp_data.php HTTP/1.1" 200 3213
::1 - - [29/Apr/2024:17:54:09 +0300] "POST /temp_data.php HTTP/1.1" 200 3234
::1 - - [29/Apr/2024:17:54:43 +0300] "POST /temp_data.php HTTP/1.1" 200 3234
::1 - - [29/Apr/2024:17:54:44 +0300] "POST /temp_data.php HTTP/1.1" 200 3234
::1 - - [29/Apr/2024:17:56:50 +0300] "POST /temp_data.php HTTP/1.1" 200 3304
::1 - - [29/Apr/2024:17:56:52 +0300] "POST /temp_data.php HTTP/1.1" 200 3304
::1 - - [29/Apr/2024:17:56:54 +0300] "POST /temp_data.php HTTP/1.1" 200 2212
::1 - - [29/Apr/2024:17:56:55 +0300] "POST /temp_data.php HTTP/1.1" 200 2635
::1 - - [29/Apr/2024:17:56:58 +0300] "POST /temp_data.php HTTP/1.1" 200 3304
::1 - - [29/Apr/2024:17:57:10 +0300] "POST /temp_data.php HTTP/1.1" 200 3304
::1 - - [29/Apr/2024:17:57:13 +0300] "POST /temp_data.php HTTP/1.1" 200 3304
::1 - - [29/Apr/2024:17:57:14 +0300] "POST /temp_data.php HTTP/1.1" 200 2214
::1 - - [29/Apr/2024:17:57:27 +0300] "POST /temp_data.php HTTP/1.1" 200 2214
::1 - - [29/Apr/2024:17:57:30 +0300] "POST /temp_data.php HTTP/1.1" 200 3304
::1 - - [29/Apr/2024:17:57:31 +0300] "POST /temp_data.php HTTP/1.1" 200 2214
::1 - - [29/Apr/2024:17:57:37 +0300] "POST /temp_data.php HTTP/1.1" 200 2214
::1 - - [29/Apr/2024:17:57:41 +0300] "POST /temp_data.php HTTP/1.1" 200 2214
::1 - - [29/Apr/2024:17:57:42 +0300] "POST /temp_data.php HTTP/1.1" 200 3304
::1 - - [29/Apr/2024:17:57:43 +0300] "POST /temp_data.php HTTP/1.1" 200 2214
::1 - - [29/Apr/2024:17:57:44 +0300] "POST /temp_data.php HTTP/1.1" 200 2634
::1 - - [29/Apr/2024:17:58:06 +0300] "POST /temp_data.php HTTP/1.1" 200 3304
::1 - - [29/Apr/2024:17:58:08 +0300] "POST /temp_data.php HTTP/1.1" 200 2212
::1 - - [29/Apr/2024:17:58:11 +0300] "POST /temp_data.php HTTP/1.1" 200 2212
::1 - - [29/Apr/2024:17:58:14 +0300] "POST /temp_data.php HTTP/1.1" 200 2212
::1 - - [29/Apr/2024:17:58:16 +0300] "POST /temp_data.php HTTP/1.1" 200 3304
::1 - - [29/Apr/2024:17:58:17 +0300] "POST /temp_data.php HTTP/1.1" 200 2212
::1 - - [29/Apr/2024:17:58:18 +0300] "POST /temp_data.php HTTP/1.1" 200 2634
::1 - - [29/Apr/2024:17:58:19 +0300] "POST /temp_data.php HTTP/1.1" 200 3304
::1 - - [29/Apr/2024:17:58:30 +0300] "POST /temp_data.php HTTP/1.1" 200 3304
::1 - - [29/Apr/2024:17:58:31 +0300] "POST /temp_data.php HTTP/1.1" 200 2212
::1 - - [29/Apr/2024:17:58:40 +0300] "POST /temp_data.php HTTP/1.1" 200 3305
::1 - - [29/Apr/2024:17:58:41 +0300] "POST /temp_data.php HTTP/1.1" 200 2213
::1 - - [29/Apr/2024:17:58:42 +0300] "POST /temp_data.php HTTP/1.1" 200 2635
::1 - - [29/Apr/2024:17:58:43 +0300] "POST /temp_data.php HTTP/1.1" 200 2213
::1 - - [29/Apr/2024:18:00:29 +0300] "POST /temp_data.php HTTP/1.1" 200 3305
::1 - - [29/Apr/2024:18:00:30 +0300] "POST /temp_data.php HTTP/1.1" 200 2185
::1 - - [29/Apr/2024:18:02:11 +0300] "GET /hum_data.php HTTP/1.1" 200 432
::1 - - [29/Apr/2024:18:02:18 +0300] "POST /hum_data.php HTTP/1.1" 200 3164
::1 - - [29/Apr/2024:18:02:20 +0300] "POST /hum_data.php HTTP/1.1" 200 2013
::1 - - [29/Apr/2024:18:02:20 +0300] "POST /hum_data.php HTTP/1.1" 200 2470
::1 - - [29/Apr/2024:18:02:22 +0300] "POST /hum_data.php HTTP/1.1" 200 3164
::1 - - [29/Apr/2024:18:02:39 +0300] "POST /hum_data.php HTTP/1.1" 200 2470
::1 - - [29/Apr/2024:18:03:02 +0300] "POST /hum_data.php HTTP/1.1" 200 2469
::1 - - [29/Apr/2024:18:03:03 +0300] "POST /hum_data.php HTTP/1.1" 200 1998
::1 - - [29/Apr/2024:18:03:10 +0300] "POST /hum_data.php HTTP/1.1" 200 3164
::1 - - [29/Apr/2024:18:03:18 +0300] "POST /hum_data.php HTTP/1.1" 200 1998
::1 - - [29/Apr/2024:18:03:26 +0300] "POST /hum_data.php HTTP/1.1" 200 2469
::1 - - [29/Apr/2024:18:05:39 +0300] "GET /co2_data.php HTTP/1.1" 200 447
::1 - - [29/Apr/2024:18:05:40 +0300] "POST /co2_data HTTP/1.1" 404 196
::1 - - [29/Apr/2024:18:05:47 +0300] "GET /co2_data.php HTTP/1.1" 200 451
::1 - - [29/Apr/2024:18:05:48 +0300] "POST /co2_data.php HTTP/1.1" 200 3245
::1 - - [29/Apr/2024:18:05:49 +0300] "POST /co2_data.php HTTP/1.1" 200 2036
::1 - - [29/Apr/2024:18:05:50 +0300] "POST /co2_data.php HTTP/1.1" 200 2498
::1 - - [29/Apr/2024:18:06:21 +0300] "POST /co2_data.php HTTP/1.1" 200 2036
::1 - - [29/Apr/2024:18:07:23 +0300] "POST /co2_data.php HTTP/1.1" 200 2036
::1 - - [29/Apr/2024:18:07:24 +0300] "POST /co2_data.php HTTP/1.1" 200 2036
::1 - - [29/Apr/2024:18:07:25 +0300] "POST /co2_data.php HTTP/1.1" 200 3245
::1 - - [29/Apr/2024:18:07:26 +0300] "POST /co2_data.php HTTP/1.1" 200 2498
::1 - - [29/Apr/2024:18:07:30 +0300] "GET /temp_data.php HTTP/1.1" 200 446
::1 - - [29/Apr/2024:18:07:31 +0300] "POST /temp_data.php HTTP/1.1" 200 2061
::1 - - [29/Apr/2024:18:07:52 +0300] "POST /temp_data.php HTTP/1.1" 200 2056
::1 - - [29/Apr/2024:18:07:53 +0300] "POST /temp_data.php HTTP/1.1" 200 2056
::1 - - [29/Apr/2024:18:07:54 +0300] "POST /temp_data.php HTTP/1.1" 200 2506
::1 - - [29/Apr/2024:18:07:55 +0300] "POST /temp_data.php HTTP/1.1" 200 2056
::1 - - [29/Apr/2024:18:07:57 +0300] "POST /temp_data.php HTTP/1.1" 200 3176
::1 - - [29/Apr/2024:18:08:15 +0300] "POST /temp_data.php HTTP/1.1" 200 3182
::1 - - [29/Apr/2024:18:08:15 +0300] "POST /temp_data.php HTTP/1.1" 200 2513
::1 - - [29/Apr/2024:18:08:16 +0300] "POST /temp_data.php HTTP/1.1" 200 2063
::1 - - [29/Apr/2024:18:08:17 +0300] "POST /temp_data.php HTTP/1.1" 200 2063
::1 - - [29/Apr/2024:18:08:18 +0300] "POST /temp_data.php HTTP/1.1" 200 3182
::1 - - [29/Apr/2024:18:09:43 +0300] "POST /temp_data.php HTTP/1.1" 200 2512
::1 - - [29/Apr/2024:18:09:52 +0300] "POST /temp_data.php HTTP/1.1" 200 2512
::1 - - [29/Apr/2024:18:10:10 +0300] "GET /index.php HTTP/1.1" 200 1191
::1 - - [29/Apr/2024:18:10:12 +0300] "POST /index.php HTTP/1.1" 200 3183
::1 - - [29/Apr/2024:18:10:14 +0300] "POST /index.php HTTP/1.1" 200 3155
::1 - - [29/Apr/2024:18:10:15 +0300] "POST /index.php HTTP/1.1" 200 2699
::1 - - [29/Apr/2024:18:10:17 +0300] "POST /index.php HTTP/1.1" 200 2733
::1 - - [29/Apr/2024:18:10:18 +0300] "POST /index.php HTTP/1.1" 200 3183
::1 - - [29/Apr/2024:18:13:06 +0300] "GET /temp_data.php HTTP/1.1" 200 446
::1 - - [29/Apr/2024:18:13:08 +0300] "POST /temp_data.php HTTP/1.1" 200 2523
::1 - - [29/Apr/2024:18:13:10 +0300] "POST /temp_data.php HTTP/1.1" 200 2074
::1 - - [29/Apr/2024:18:13:10 +0300] "POST /temp_data.php HTTP/1.1" 200 3193
::1 - - [29/Apr/2024:18:13:12 +0300] "POST /temp_data.php HTTP/1.1" 200 2074
::1 - - [29/Apr/2024:18:13:14 +0300] "POST /temp_data.php HTTP/1.1" 200 2523
::1 - - [29/Apr/2024:18:13:14 +0300] "POST /temp_data.php HTTP/1.1" 200 2074
::1 - - [29/Apr/2024:18:13:15 +0300] "POST /temp_data.php HTTP/1.1" 200 3193
::1 - - [29/Apr/2024:18:13:31 +0300] "POST /temp_data.php HTTP/1.1" 200 2523
::1 - - [29/Apr/2024:18:13:33 +0300] "POST /temp_data.php HTTP/1.1" 200 2074
::1 - - [29/Apr/2024:18:13:38 +0300] "POST /temp_data.php HTTP/1.1" 200 2523
::1 - - [29/Apr/2024:18:13:40 +0300] "POST /temp_data.php HTTP/1.1" 200 3193
::1 - - [29/Apr/2024:18:14:18 +0300] "POST /temp_data.php HTTP/1.1" 200 3193
::1 - - [29/Apr/2024:18:14:21 +0300] "POST /temp_data.php HTTP/1.1" 200 3193
::1 - - [29/Apr/2024:18:14:22 +0300] "POST /temp_data.php HTTP/1.1" 200 2524
::1 - - [29/Apr/2024:18:14:22 +0300] "POST /temp_data.php HTTP/1.1" 200 2074
::1 - - [29/Apr/2024:18:14:23 +0300] "POST /temp_data.php HTTP/1.1" 200 3193
::1 - - [29/Apr/2024:18:14:35 +0300] "POST /temp_data.php HTTP/1.1" 200 3240
::1 - - [29/Apr/2024:18:14:38 +0300] "POST /temp_data.php HTTP/1.1" 200 3240
::1 - - [29/Apr/2024:18:14:39 +0300] "POST /temp_data.php HTTP/1.1" 200 2571
::1 - - [29/Apr/2024:18:14:40 +0300] "POST /temp_data.php HTTP/1.1" 200 3240
::1 - - [29/Apr/2024:18:14:41 +0300] "POST /temp_data.php HTTP/1.1" 200 2121
::1 - - [29/Apr/2024:18:14:42 +0300] "POST /temp_data.php HTTP/1.1" 200 2571
::1 - - [29/Apr/2024:18:14:45 +0300] "POST /temp_data.php HTTP/1.1" 200 3240
::1 - - [29/Apr/2024:18:15:00 +0300] "POST /temp_data.php HTTP/1.1" 200 3238
::1 - - [29/Apr/2024:18:15:01 +0300] "POST /temp_data.php HTTP/1.1" 200 3238
::1 - - [29/Apr/2024:18:15:02 +0300] "POST /temp_data.php HTTP/1.1" 200 2119
::1 - - [29/Apr/2024:18:15:03 +0300] "POST /temp_data.php HTTP/1.1" 200 2569
::1 - - [29/Apr/2024:18:15:04 +0300] "POST /temp_data.php HTTP/1.1" 200 3238
::1 - - [29/Apr/2024:18:17:45 +0300] "POST /temp_data.php HTTP/1.1" 200 3413
::1 - - [29/Apr/2024:18:17:47 +0300] "POST /temp_data.php HTTP/1.1" 200 3413
::1 - - [29/Apr/2024:18:17:48 +0300] "POST /temp_data.php HTTP/1.1" 200 2294
::1 - - [29/Apr/2024:18:17:48 +0300] "POST /temp_data.php HTTP/1.1" 200 2743
::1 - - [29/Apr/2024:18:17:49 +0300] "POST /temp_data.php HTTP/1.1" 200 3413
::1 - - [29/Apr/2024:18:17:52 +0300] "POST /temp_data.php HTTP/1.1" 200 3413
::1 - - [29/Apr/2024:18:17:53 +0300] "POST /temp_data.php HTTP/1.1" 200 2294
::1 - - [29/Apr/2024:18:17:56 +0300] "POST /temp_data.php HTTP/1.1" 200 3413
::1 - - [29/Apr/2024:18:26:20 +0300] "POST /temp_data.php HTTP/1.1" 200 3413
::1 - - [29/Apr/2024:18:26:25 +0300] "GET /index.php HTTP/1.1" 200 284
::1 - - [29/Apr/2024:18:26:27 +0300] "GET /temp_data.php? HTTP/1.1" 200 666
::1 - - [29/Apr/2024:18:26:28 +0300] "POST /temp_data.php HTTP/1.1" 200 3413
::1 - - [29/Apr/2024:18:26:30 +0300] "POST /temp_data.php HTTP/1.1" 200 2294
::1 - - [29/Apr/2024:18:26:31 +0300] "POST /temp_data.php HTTP/1.1" 200 2744
::1 - - [29/Apr/2024:18:26:31 +0300] "POST /temp_data.php HTTP/1.1" 200 3413
::1 - - [29/Apr/2024:18:26:39 +0300] "POST /temp_data.php HTTP/1.1" 200 3413
::1 - - [29/Apr/2024:18:26:41 +0300] "GET /temp_data.php? HTTP/1.1" 200 666
::1 - - [29/Apr/2024:18:28:01 +0300] "GET /temp_data.php? HTTP/1.1" 200 801
::1 - - [29/Apr/2024:18:28:02 +0300] "POST /temp_data.php HTTP/1.1" 200 3548
::1 - - [29/Apr/2024:18:28:03 +0300] "GET /index.php?back=%D0%92%D0%B5%D1%80%D0%BD%D1%83%D1%82%D1%8C%D1%81%D1%8F+%D0%BD%D0%B0+%D0%B3%D0%BB%D0%B0%D0%B2%D0%BD%D1%83%D1%8E HTTP/1.1" 200 284
::1 - - [29/Apr/2024:18:28:04 +0300] "GET /temp_data.php? HTTP/1.1" 200 801
::1 - - [29/Apr/2024:18:28:05 +0300] "POST /temp_data.php HTTP/1.1" 200 3548
::1 - - [29/Apr/2024:18:28:06 +0300] "POST /temp_data.php HTTP/1.1" 200 2429
::1 - - [29/Apr/2024:18:28:07 +0300] "GET /index.php?back=%D0%92%D0%B5%D1%80%D0%BD%D1%83%D1%82%D1%8C%D1%81%D1%8F+%D0%BD%D0%B0+%D0%B3%D0%BB%D0%B0%D0%B2%D0%BD%D1%83%D1%8E HTTP/1.1" 200 284
::1 - - [29/Apr/2024:18:28:10 +0300] "GET /temp_data.php? HTTP/1.1" 200 801
::1 - - [29/Apr/2024:18:28:16 +0300] "GET /index.php?back=%D0%92%D0%B5%D1%80%D0%BD%D1%83%D1%82%D1%8C%D1%81%D1%8F+%D0%BD%D0%B0+%D0%B3%D0%BB%D0%B0%D0%B2%D0%BD%D1%83%D1%8E HTTP/1.1" 200 284
::1 - - [29/Apr/2024:18:28:17 +0300] "GET /temp_data.php? HTTP/1.1" 200 802
::1 - - [29/Apr/2024:18:28:18 +0300] "POST /index.php HTTP/1.1" 200 284
::1 - - [29/Apr/2024:18:28:20 +0300] "GET /temp_data.php? HTTP/1.1" 200 802
::1 - - [29/Apr/2024:18:28:21 +0300] "POST /index.php HTTP/1.1" 200 284
::1 - - [29/Apr/2024:18:28:22 +0300] "GET /temp_data.php? HTTP/1.1" 200 802
::1 - - [29/Apr/2024:18:28:24 +0300] "POST /index.php HTTP/1.1" 200 284
::1 - - [29/Apr/2024:18:28:24 +0300] "GET /temp_data.php? HTTP/1.1" 200 802
::1 - - [29/Apr/2024:18:31:12 +0300] "GET /temp_data.php? HTTP/1.1" 200 802
::1 - - [29/Apr/2024:18:31:13 +0300] "POST /index.php HTTP/1.1" 200 714
::1 - - [29/Apr/2024:18:31:14 +0300] "GET /co2_data.php? HTTP/1.1" 200 809
::1 - - [29/Apr/2024:18:31:15 +0300] "POST /co2_data.php HTTP/1.1" 200 2894
::1 - - [29/Apr/2024:18:31:16 +0300] "POST /co2_data.php HTTP/1.1" 200 2432
::1 - - [29/Apr/2024:18:31:17 +0300] "POST /index.php HTTP/1.1" 200 714
::1 - - [29/Apr/2024:18:31:18 +0300] "GET /temp_data.php? HTTP/1.1" 200 802
::1 - - [29/Apr/2024:18:31:19 +0300] "POST /temp_data.php HTTP/1.1" 200 3549
::1 - - [29/Apr/2024:18:31:19 +0300] "POST /index.php HTTP/1.1" 200 714
::1 - - [29/Apr/2024:18:31:20 +0300] "GET /hum_data.php? HTTP/1.1" 200 790
::1 - - [29/Apr/2024:18:31:21 +0300] "POST /hum_data.php HTTP/1.1" 200 2382
::1 - - [29/Apr/2024:18:31:21 +0300] "POST /index.php HTTP/1.1" 200 714
::1 - - [29/Apr/2024:18:32:13 +0300] "GET /co2_data.php? HTTP/1.1" 200 809
::1 - - [29/Apr/2024:18:32:13 +0300] "POST /index.php HTTP/1.1" 200 714
::1 - - [29/Apr/2024:18:32:14 +0300] "GET /temp_data.php? HTTP/1.1" 200 802
::1 - - [29/Apr/2024:18:32:15 +0300] "POST /temp_data.php HTTP/1.1" 200 3549
::1 - - [29/Apr/2024:18:32:16 +0300] "POST /temp_data.php HTTP/1.1" 200 2429
::1 - - [29/Apr/2024:18:32:16 +0300] "POST /index.php HTTP/1.1" 200 714
::1 - - [29/Apr/2024:18:52:27 +0300] "GET /co2_data.php? HTTP/1.1" 200 809
::1 - - [29/Apr/2024:18:52:28 +0300] "POST /index.php HTTP/1.1" 200 714
::1 - - [29/Apr/2024:18:52:29 +0300] "GET /temp_data.php? HTTP/1.1" 200 802
::1 - - [29/Apr/2024:18:52:30 +0300] "POST /temp_data.php HTTP/1.1" 200 3549
::1 - - [29/Apr/2024:18:52:34 +0300] "POST /temp_data.php HTTP/1.1" 200 2430
::1 - - [29/Apr/2024:18:52:35 +0300] "POST /temp_data.php HTTP/1.1" 200 2880
::1 - - [29/Apr/2024:18:52:36 +0300] "POST /index.php HTTP/1.1" 200 714
::1 - - [29/Apr/2024:18:52:37 +0300] "GET /hum_data.php? HTTP/1.1" 200 790
::1 - - [29/Apr/2024:18:52:37 +0300] "POST /hum_data.php HTTP/1.1" 200 3533
::1 - - [29/Apr/2024:18:52:38 +0300] "POST /hum_data.php HTTP/1.1" 200 2382
::1 - - [29/Apr/2024:18:52:38 +0300] "POST /hum_data.php HTTP/1.1" 200 2839
::1 - - [29/Apr/2024:18:52:39 +0300] "POST /index.php HTTP/1.1" 200 714
::1 - - [29/Apr/2024:18:52:40 +0300] "GET /co2_data.php? HTTP/1.1" 200 809
::1 - - [29/Apr/2024:18:52:40 +0300] "POST /co2_data.php HTTP/1.1" 200 3641
::1 - - [29/Apr/2024:18:52:41 +0300] "POST /co2_data.php HTTP/1.1" 200 2432
::1 - - [29/Apr/2024:18:52:41 +0300] "POST /co2_data.php HTTP/1.1" 200 2894
::1 - - [29/Apr/2024:18:52:43 +0300] "POST /index.php HTTP/1.1" 200 714
::1 - - [01/May/2024:11:02:38 +0300] "GET /index.php HTTP/1.1" 200 714
::1 - - [01/May/2024:11:02:39 +0300] "GET /favicon.ico HTTP/1.1" 404 196
::1 - - [01/May/2024:11:02:40 +0300] "GET /temp_data.php? HTTP/1.1" 200 901
::1 - - [01/May/2024:11:02:43 +0300] "POST /temp_data.php HTTP/1.1" 200 901
::1 - - [01/May/2024:11:02:44 +0300] "POST /temp_data.php HTTP/1.1" 200 901
::1 - - [01/May/2024:11:02:58 +0300] "POST /index.php HTTP/1.1" 200 714
::1 - - [01/May/2024:11:03:05 +0300] "GET /temp_data.php? HTTP/1.1" 200 802
::1 - - [01/May/2024:11:03:06 +0300] "POST /temp_data.php HTTP/1.1" 200 3549
::1 - - [01/May/2024:11:03:08 +0300] "POST /temp_data.php HTTP/1.1" 200 1538
::1 - - [01/May/2024:11:03:10 +0300] "POST /temp_data.php HTTP/1.1" 200 3549
::1 - - [01/May/2024:11:03:17 +0300] "POST /temp_data.php HTTP/1.1" 200 1538
::1 - - [01/May/2024:11:03:18 +0300] "POST /temp_data.php HTTP/1.1" 200 2752
::1 - - [01/May/2024:11:03:20 +0300] "POST /temp_data.php HTTP/1.1" 200 1538
::1 - - [01/May/2024:11:03:21 +0300] "POST /temp_data.php HTTP/1.1" 200 2752
::1 - - [01/May/2024:11:03:39 +0300] "POST /index.php HTTP/1.1" 200 714
172.21.208.1 - - [01/May/2024:11:04:04 +0300] "GET / HTTP/1.1" 200 714
172.21.208.1 - - [01/May/2024:11:04:04 +0300] "GET /favicon.ico HTTP/1.1" 404 196
172.21.208.1 - - [01/May/2024:11:04:09 +0300] "GET /index.php HTTP/1.1" 200 714
172.21.208.1 - - [01/May/2024:11:04:12 +0300] "GET /temp_data.php? HTTP/1.1" 200 802
172.21.208.1 - - [01/May/2024:11:04:14 +0300] "POST /index.php HTTP/1.1" 200 714
172.21.208.1 - - [01/May/2024:11:04:14 +0300] "GET /temp_data.php? HTTP/1.1" 200 802
172.21.208.1 - - [01/May/2024:11:04:15 +0300] "POST /index.php HTTP/1.1" 200 714
172.21.208.1 - - [01/May/2024:11:04:15 +0300] "GET /hum_data.php? HTTP/1.1" 200 889
172.21.208.1 - - [01/May/2024:11:04:18 +0300] "POST /index.php HTTP/1.1" 200 714
172.21.208.1 - - [01/May/2024:11:04:19 +0300] "GET /temp_data.php? HTTP/1.1" 200 802
172.21.208.1 - - [01/May/2024:11:05:36 +0300] "GET /temp_data.php? HTTP/1.1" 200 802
172.21.208.1 - - [01/May/2024:11:05:37 +0300] "POST /temp_data.php HTTP/1.1" 200 3549
172.21.208.1 - - [01/May/2024:11:05:38 +0300] "POST /index.php HTTP/1.1" 200 714
172.21.208.1 - - [01/May/2024:11:05:38 +0300] "GET /hum_data.php? HTTP/1.1" 200 790
172.21.208.1 - - [01/May/2024:11:05:39 +0300] "POST /hum_data.php HTTP/1.1" 200 1522
172.21.208.1 - - [01/May/2024:11:05:39 +0300] "POST /hum_data.php HTTP/1.1" 200 3533
172.21.208.1 - - [01/May/2024:11:05:40 +0300] "POST /hum_data.php HTTP/1.1" 200 2711
172.21.208.1 - - [01/May/2024:11:05:41 +0300] "POST /hum_data.php HTTP/1.1" 200 3533
172.21.208.1 - - [01/May/2024:11:05:51 +0300] "POST /hum_data.php HTTP/1.1" 200 2711
172.21.208.1 - - [01/May/2024:11:05:58 +0300] "POST /index.php HTTP/1.1" 200 714
172.21.208.1 - - [01/May/2024:11:06:00 +0300] "GET /co2_data.php? HTTP/1.1" 200 809
172.21.208.1 - - [01/May/2024:11:06:00 +0300] "POST /co2_data.php HTTP/1.1" 200 2768
172.21.208.1 - - [01/May/2024:11:06:01 +0300] "POST /co2_data.php HTTP/1.1" 200 3641
172.21.208.1 - - [01/May/2024:11:06:02 +0300] "POST /co2_data.php HTTP/1.1" 200 1569
172.21.208.1 - - [01/May/2024:11:06:03 +0300] "POST /co2_data.php HTTP/1.1" 200 2768
172.21.208.1 - - [01/May/2024:11:06:04 +0300] "POST /index.php HTTP/1.1" 200 714
172.20.0.1 - - [01/May/2024:10:46:15 +0000] "GET / HTTP/1.1" 200 666 "-" "Mozilla/5.0 (Windows NT 10.0; Win64; x64) AppleWebKit/537.36 (KHTML, like Gecko) Chrome/124.0.0.0 Safari/537.36"
172.20.0.1 - - [01/May/2024:10:46:17 +0000] "GET /hum_data.php? HTTP/1.1" 200 735 "http://localhost:8080/" "Mozilla/5.0 (Windows NT 10.0; Win64; x64) AppleWebKit/537.36 (KHTML, like Gecko) Chrome/124.0.0.0 Safari/537.36"
172.20.0.1 - - [01/May/2024:10:46:18 +0000] "POST /hum_data.php HTTP/1.1" 200 735 "http://localhost:8080/hum_data.php?" "Mozilla/5.0 (Windows NT 10.0; Win64; x64) AppleWebKit/537.36 (KHTML, like Gecko) Chrome/124.0.0.0 Safari/537.36"
172.20.0.1 - - [01/May/2024:10:46:18 +0000] "POST /hum_data.php HTTP/1.1" 200 735 "http://localhost:8080/hum_data.php" "Mozilla/5.0 (Windows NT 10.0; Win64; x64) AppleWebKit/537.36 (KHTML, like Gecko) Chrome/124.0.0.0 Safari/537.36"
172.20.0.1 - - [01/May/2024:10:46:19 +0000] "POST /hum_data.php HTTP/1.1" 200 735 "http://localhost:8080/hum_data.php" "Mozilla/5.0 (Windows NT 10.0; Win64; x64) AppleWebKit/537.36 (KHTML, like Gecko) Chrome/124.0.0.0 Safari/537.36"
172.20.0.1 - - [01/May/2024:10:46:21 +0000] "POST /hum_data.php HTTP/1.1" 200 735 "http://localhost:8080/hum_data.php" "Mozilla/5.0 (Windows NT 10.0; Win64; x64) AppleWebKit/537.36 (KHTML, like Gecko) Chrome/124.0.0.0 Safari/537.36"
172.21.0.1 - - [01/May/2024:11:04:54 +0000] "GET /index.php HTTP/1.1" 404 490 "-" "Mozilla/5.0 (Windows NT 10.0; Win64; x64) AppleWebKit/537.36 (KHTML, like Gecko) Chrome/124.0.0.0 Safari/537.36"
172.21.0.1 - - [01/May/2024:11:05:06 +0000] "GET / HTTP/1.1" 403 493 "-" "Mozilla/5.0 (Windows NT 10.0; Win64; x64) AppleWebKit/537.36 (KHTML, like Gecko) Chrome/124.0.0.0 Safari/537.36"
172.21.0.1 - - [01/May/2024:11:05:07 +0000] "GET / HTTP/1.1" 403 492 "-" "Mozilla/5.0 (Windows NT 10.0; Win64; x64) AppleWebKit/537.36 (KHTML, like Gecko) Chrome/124.0.0.0 Safari/537.36"
172.21.0.1 - - [01/May/2024:11:05:08 +0000] "GET / HTTP/1.1" 403 492 "-" "Mozilla/5.0 (Windows NT 10.0; Win64; x64) AppleWebKit/537.36 (KHTML, like Gecko) Chrome/124.0.0.0 Safari/537.36"
172.21.0.1 - - [01/May/2024:11:05:08 +0000] "GET / HTTP/1.1" 403 492 "-" "Mozilla/5.0 (Windows NT 10.0; Win64; x64) AppleWebKit/537.36 (KHTML, like Gecko) Chrome/124.0.0.0 Safari/537.36"
172.21.0.1 - - [01/May/2024:11:05:08 +0000] "GET / HTTP/1.1" 403 492 "-" "Mozilla/5.0 (Windows NT 10.0; Win64; x64) AppleWebKit/537.36 (KHTML, like Gecko) Chrome/124.0.0.0 Safari/537.36"
172.21.0.1 - - [01/May/2024:11:05:09 +0000] "GET / HTTP/1.1" 403 492 "-" "Mozilla/5.0 (Windows NT 10.0; Win64; x64) AppleWebKit/537.36 (KHTML, like Gecko) Chrome/124.0.0.0 Safari/537.36"
172.21.0.1 - - [01/May/2024:11:05:09 +0000] "GET / HTTP/1.1" 403 492 "-" "Mozilla/5.0 (Windows NT 10.0; Win64; x64) AppleWebKit/537.36 (KHTML, like Gecko) Chrome/124.0.0.0 Safari/537.36"
172.21.0.1 - - [01/May/2024:11:05:09 +0000] "GET / HTTP/1.1" 403 492 "-" "Mozilla/5.0 (Windows NT 10.0; Win64; x64) AppleWebKit/537.36 (KHTML, like Gecko) Chrome/124.0.0.0 Safari/537.36"
172.21.0.1 - - [01/May/2024:11:05:09 +0000] "GET / HTTP/1.1" 403 492 "-" "Mozilla/5.0 (Windows NT 10.0; Win64; x64) AppleWebKit/537.36 (KHTML, like Gecko) Chrome/124.0.0.0 Safari/537.36"
172.21.0.1 - - [01/May/2024:11:05:10 +0000] "GET / HTTP/1.1" 403 492 "-" "Mozilla/5.0 (Windows NT 10.0; Win64; x64) AppleWebKit/537.36 (KHTML, like Gecko) Chrome/124.0.0.0 Safari/537.36"
172.21.0.1 - - [01/May/2024:11:05:10 +0000] "GET / HTTP/1.1" 403 492 "-" "Mozilla/5.0 (Windows NT 10.0; Win64; x64) AppleWebKit/537.36 (KHTML, like Gecko) Chrome/124.0.0.0 Safari/537.36"
172.21.0.1 - - [01/May/2024:11:05:10 +0000] "GET / HTTP/1.1" 403 492 "-" "Mozilla/5.0 (Windows NT 10.0; Win64; x64) AppleWebKit/537.36 (KHTML, like Gecko) Chrome/124.0.0.0 Safari/537.36"
172.21.0.1 - - [01/May/2024:11:05:10 +0000] "GET / HTTP/1.1" 403 492 "-" "Mozilla/5.0 (Windows NT 10.0; Win64; x64) AppleWebKit/537.36 (KHTML, like Gecko) Chrome/124.0.0.0 Safari/537.36"
172.21.0.1 - - [01/May/2024:11:05:11 +0000] "GET / HTTP/1.1" 403 492 "-" "Mozilla/5.0 (Windows NT 10.0; Win64; x64) AppleWebKit/537.36 (KHTML, like Gecko) Chrome/124.0.0.0 Safari/537.36"
172.21.0.1 - - [01/May/2024:11:05:11 +0000] "GET / HTTP/1.1" 403 492 "-" "Mozilla/5.0 (Windows NT 10.0; Win64; x64) AppleWebKit/537.36 (KHTML, like Gecko) Chrome/124.0.0.0 Safari/537.36"
172.21.0.1 - - [01/May/2024:11:05:11 +0000] "GET / HTTP/1.1" 403 492 "-" "Mozilla/5.0 (Windows NT 10.0; Win64; x64) AppleWebKit/537.36 (KHTML, like Gecko) Chrome/124.0.0.0 Safari/537.36"
172.21.0.1 - - [01/May/2024:11:05:11 +0000] "GET / HTTP/1.1" 403 492 "-" "Mozilla/5.0 (Windows NT 10.0; Win64; x64) AppleWebKit/537.36 (KHTML, like Gecko) Chrome/124.0.0.0 Safari/537.36"
172.21.0.1 - - [01/May/2024:11:05:11 +0000] "GET / HTTP/1.1" 403 492 "-" "Mozilla/5.0 (Windows NT 10.0; Win64; x64) AppleWebKit/537.36 (KHTML, like Gecko) Chrome/124.0.0.0 Safari/537.36"
172.21.0.1 - - [01/May/2024:11:05:30 +0000] "GET / HTTP/1.1" 403 493 "-" "Mozilla/5.0 (Windows NT 10.0; Win64; x64) AppleWebKit/537.36 (KHTML, like Gecko) Chrome/124.0.0.0 Safari/537.36"
172.22.0.1 - - [01/May/2024:11:10:59 +0000] "GET / HTTP/1.1" 403 493 "-" "Mozilla/5.0 (Windows NT 10.0; Win64; x64) AppleWebKit/537.36 (KHTML, like Gecko) Chrome/124.0.0.0 Safari/537.36"
172.24.0.1 - - [01/May/2024:11:15:48 +0000] "GET / HTTP/1.1" 200 666 "-" "Mozilla/5.0 (Windows NT 10.0; Win64; x64) AppleWebKit/537.36 (KHTML, like Gecko) Chrome/124.0.0.0 Safari/537.36"
172.24.0.1 - - [01/May/2024:11:15:49 +0000] "GET /temp_data.php? HTTP/1.1" 200 739 "http://localhost:8080/" "Mozilla/5.0 (Windows NT 10.0; Win64; x64) AppleWebKit/537.36 (KHTML, like Gecko) Chrome/124.0.0.0 Safari/537.36"
172.24.0.1 - - [01/May/2024:11:15:50 +0000] "POST /temp_data.php HTTP/1.1" 200 739 "http://localhost:8080/temp_data.php?" "Mozilla/5.0 (Windows NT 10.0; Win64; x64) AppleWebKit/537.36 (KHTML, like Gecko) Chrome/124.0.0.0 Safari/537.36"
172.24.0.1 - - [01/May/2024:11:15:51 +0000] "POST /temp_data.php HTTP/1.1" 200 739 "http://localhost:8080/temp_data.php" "Mozilla/5.0 (Windows NT 10.0; Win64; x64) AppleWebKit/537.36 (KHTML, like Gecko) Chrome/124.0.0.0 Safari/537.36"
172.24.0.1 - - [01/May/2024:11:15:51 +0000] "POST /temp_data.php HTTP/1.1" 200 739 "http://localhost:8080/temp_data.php" "Mozilla/5.0 (Windows NT 10.0; Win64; x64) AppleWebKit/537.36 (KHTML, like Gecko) Chrome/124.0.0.0 Safari/537.36"
172.24.0.1 - - [01/May/2024:11:15:51 +0000] "POST /index.php HTTP/1.1" 200 665 "http://localhost:8080/temp_data.php" "Mozilla/5.0 (Windows NT 10.0; Win64; x64) AppleWebKit/537.36 (KHTML, like Gecko) Chrome/124.0.0.0 Safari/537.36"
172.24.0.1 - - [01/May/2024:11:15:58 +0000] "GET /info.php HTTP/1.1" 404 490 "-" "Mozilla/5.0 (Windows NT 10.0; Win64; x64) AppleWebKit/537.36 (KHTML, like Gecko) Chrome/124.0.0.0 Safari/537.36"
172.24.0.1 - - [01/May/2024:11:16:37 +0000] "GET /info.php HTTP/1.1" 200 406 "-" "Mozilla/5.0 (Windows NT 10.0; Win64; x64) AppleWebKit/537.36 (KHTML, like Gecko) Chrome/124.0.0.0 Safari/537.36"
172.24.0.1 - - [01/May/2024:11:17:35 +0000] "GET /info.php HTTP/1.1" 200 22428 "-" "Mozilla/5.0 (Windows NT 10.0; Win64; x64) AppleWebKit/537.36 (KHTML, like Gecko) Chrome/124.0.0.0 Safari/537.36"
172.25.0.1 - - [01/May/2024:11:27:45 +0000] "GET /info.php HTTP/1.1" 200 22542 "-" "Mozilla/5.0 (Windows NT 10.0; Win64; x64) AppleWebKit/537.36 (KHTML, like Gecko) Chrome/124.0.0.0 Safari/537.36"
172.25.0.1 - - [01/May/2024:11:28:00 +0000] "GET / HTTP/1.1" 200 666 "-" "Mozilla/5.0 (Windows NT 10.0; Win64; x64) AppleWebKit/537.36 (KHTML, like Gecko) Chrome/124.0.0.0 Safari/537.36"
172.25.0.1 - - [01/May/2024:11:28:01 +0000] "GET /hum_data.php? HTTP/1.1" 200 713 "http://localhost:8080/" "Mozilla/5.0 (Windows NT 10.0; Win64; x64) AppleWebKit/537.36 (KHTML, like Gecko) Chrome/124.0.0.0 Safari/537.36"
172.25.0.1 - - [01/May/2024:11:28:02 +0000] "POST /hum_data.php HTTP/1.1" 200 1018 "http://localhost:8080/hum_data.php?" "Mozilla/5.0 (Windows NT 10.0; Win64; x64) AppleWebKit/537.36 (KHTML, like Gecko) Chrome/124.0.0.0 Safari/537.36"
172.25.0.1 - - [01/May/2024:11:28:05 +0000] "POST /hum_data.php HTTP/1.1" 200 1018 "http://localhost:8080/hum_data.php" "Mozilla/5.0 (Windows NT 10.0; Win64; x64) AppleWebKit/537.36 (KHTML, like Gecko) Chrome/124.0.0.0 Safari/537.36"
172.25.0.1 - - [01/May/2024:11:28:06 +0000] "POST /hum_data.php HTTP/1.1" 200 1019 "http://localhost:8080/hum_data.php" "Mozilla/5.0 (Windows NT 10.0; Win64; x64) AppleWebKit/537.36 (KHTML, like Gecko) Chrome/124.0.0.0 Safari/537.36"
172.25.0.1 - - [01/May/2024:11:28:08 +0000] "POST /hum_data.php HTTP/1.1" 200 1018 "http://localhost:8080/hum_data.php" "Mozilla/5.0 (Windows NT 10.0; Win64; x64) AppleWebKit/537.36 (KHTML, like Gecko) Chrome/124.0.0.0 Safari/537.36"
172.25.0.1 - - [01/May/2024:11:28:09 +0000] "POST /hum_data.php HTTP/1.1" 200 1018 "http://localhost:8080/hum_data.php" "Mozilla/5.0 (Windows NT 10.0; Win64; x64) AppleWebKit/537.36 (KHTML, like Gecko) Chrome/124.0.0.0 Safari/537.36"
172.25.0.1 - - [01/May/2024:11:28:09 +0000] "POST /hum_data.php HTTP/1.1" 200 1018 "http://localhost:8080/hum_data.php" "Mozilla/5.0 (Windows NT 10.0; Win64; x64) AppleWebKit/537.36 (KHTML, like Gecko) Chrome/124.0.0.0 Safari/537.36"
172.25.0.1 - - [01/May/2024:11:28:10 +0000] "POST /hum_data.php HTTP/1.1" 200 1019 "http://localhost:8080/hum_data.php" "Mozilla/5.0 (Windows NT 10.0; Win64; x64) AppleWebKit/537.36 (KHTML, like Gecko) Chrome/124.0.0.0 Safari/537.36"
172.25.0.1 - - [01/May/2024:11:28:11 +0000] "POST /hum_data.php HTTP/1.1" 200 1018 "http://localhost:8080/hum_data.php" "Mozilla/5.0 (Windows NT 10.0; Win64; x64) AppleWebKit/537.36 (KHTML, like Gecko) Chrome/124.0.0.0 Safari/537.36"
172.25.0.1 - - [01/May/2024:11:28:11 +0000] "POST /hum_data.php HTTP/1.1" 200 1018 "http://localhost:8080/hum_data.php" "Mozilla/5.0 (Windows NT 10.0; Win64; x64) AppleWebKit/537.36 (KHTML, like Gecko) Chrome/124.0.0.0 Safari/537.36"
172.25.0.1 - - [01/May/2024:11:28:12 +0000] "POST /hum_data.php HTTP/1.1" 200 1019 "http://localhost:8080/hum_data.php" "Mozilla/5.0 (Windows NT 10.0; Win64; x64) AppleWebKit/537.36 (KHTML, like Gecko) Chrome/124.0.0.0 Safari/537.36"
172.25.0.1 - - [01/May/2024:11:28:12 +0000] "POST /hum_data.php HTTP/1.1" 200 1018 "http://localhost:8080/hum_data.php" "Mozilla/5.0 (Windows NT 10.0; Win64; x64) AppleWebKit/537.36 (KHTML, like Gecko) Chrome/124.0.0.0 Safari/537.36"
172.25.0.1 - - [01/May/2024:11:28:13 +0000] "POST /index.php HTTP/1.1" 200 665 "http://localhost:8080/hum_data.php" "Mozilla/5.0 (Windows NT 10.0; Win64; x64) AppleWebKit/537.36 (KHTML, like Gecko) Chrome/124.0.0.0 Safari/537.36"
172.25.0.1 - - [01/May/2024:11:28:41 +0000] "GET /hum_data.php? HTTP/1.1" 200 714 "http://localhost:8080/index.php" "Mozilla/5.0 (Windows NT 10.0; Win64; x64) AppleWebKit/537.36 (KHTML, like Gecko) Chrome/124.0.0.0 Safari/537.36"
172.25.0.1 - - [01/May/2024:11:28:42 +0000] "POST /hum_data.php HTTP/1.1" 200 1018 "http://localhost:8080/hum_data.php?" "Mozilla/5.0 (Windows NT 10.0; Win64; x64) AppleWebKit/537.36 (KHTML, like Gecko) Chrome/124.0.0.0 Safari/537.36"
172.25.0.1 - - [01/May/2024:11:30:24 +0000] "POST /save_data.php HTTP/1.1" 200 571 "-" "PostmanRuntime/7.37.3"
172.25.0.1 - - [01/May/2024:11:30:57 +0000] "POST /save_data.php HTTP/1.1" 200 622 "-" "PostmanRuntime/7.37.3"
172.25.0.1 - - [01/May/2024:11:31:46 +0000] "POST /save_data.php HTTP/1.1" 200 628 "-" "PostmanRuntime/7.37.3"
172.25.0.1 - - [01/May/2024:11:31:57 +0000] "POST /hum_data.php HTTP/1.1" 200 1025 "http://localhost:8080/hum_data.php?" "Mozilla/5.0 (Windows NT 10.0; Win64; x64) AppleWebKit/537.36 (KHTML, like Gecko) Chrome/124.0.0.0 Safari/537.36"
172.25.0.1 - - [01/May/2024:11:31:58 +0000] "POST /hum_data.php HTTP/1.1" 200 1024 "http://localhost:8080/hum_data.php" "Mozilla/5.0 (Windows NT 10.0; Win64; x64) AppleWebKit/537.36 (KHTML, like Gecko) Chrome/124.0.0.0 Safari/537.36"
172.25.0.1 - - [01/May/2024:11:31:58 +0000] "POST /hum_data.php HTTP/1.1" 200 1024 "http://localhost:8080/hum_data.php" "Mozilla/5.0 (Windows NT 10.0; Win64; x64) AppleWebKit/537.36 (KHTML, like Gecko) Chrome/124.0.0.0 Safari/537.36"
172.25.0.1 - - [01/May/2024:11:32:01 +0000] "POST /hum_data.php HTTP/1.1" 200 1024 "http://localhost:8080/hum_data.php" "Mozilla/5.0 (Windows NT 10.0; Win64; x64) AppleWebKit/537.36 (KHTML, like Gecko) Chrome/124.0.0.0 Safari/537.36"
172.25.0.1 - - [01/May/2024:11:32:04 +0000] "POST /hum_data.php HTTP/1.1" 200 1024 "http://localhost:8080/hum_data.php" "Mozilla/5.0 (Windows NT 10.0; Win64; x64) AppleWebKit/537.36 (KHTML, like Gecko) Chrome/124.0.0.0 Safari/537.36"
172.25.0.1 - - [01/May/2024:11:32:06 +0000] "POST /index.php HTTP/1.1" 200 665 "http://localhost:8080/hum_data.php" "Mozilla/5.0 (Windows NT 10.0; Win64; x64) AppleWebKit/537.36 (KHTML, like Gecko) Chrome/124.0.0.0 Safari/537.36"
172.25.0.1 - - [01/May/2024:11:32:06 +0000] "GET /co2_data.php? HTTP/1.1" 200 730 "http://localhost:8080/index.php" "Mozilla/5.0 (Windows NT 10.0; Win64; x64) AppleWebKit/537.36 (KHTML, like Gecko) Chrome/124.0.0.0 Safari/537.36"
172.25.0.1 - - [01/May/2024:11:32:07 +0000] "POST /co2_data.php HTTP/1.1" 200 1046 "http://localhost:8080/co2_data.php?" "Mozilla/5.0 (Windows NT 10.0; Win64; x64) AppleWebKit/537.36 (KHTML, like Gecko) Chrome/124.0.0.0 Safari/537.36"
172.25.0.1 - - [01/May/2024:11:32:08 +0000] "POST /co2_data.php HTTP/1.1" 200 1046 "http://localhost:8080/co2_data.php" "Mozilla/5.0 (Windows NT 10.0; Win64; x64) AppleWebKit/537.36 (KHTML, like Gecko) Chrome/124.0.0.0 Safari/537.36"
172.25.0.1 - - [01/May/2024:11:32:08 +0000] "POST /co2_data.php HTTP/1.1" 200 1046 "http://localhost:8080/co2_data.php" "Mozilla/5.0 (Windows NT 10.0; Win64; x64) AppleWebKit/537.36 (KHTML, like Gecko) Chrome/124.0.0.0 Safari/537.36"
172.25.0.1 - - [01/May/2024:11:32:09 +0000] "POST /index.php HTTP/1.1" 200 665 "http://localhost:8080/co2_data.php" "Mozilla/5.0 (Windows NT 10.0; Win64; x64) AppleWebKit/537.36 (KHTML, like Gecko) Chrome/124.0.0.0 Safari/537.36"
172.25.0.1 - - [01/May/2024:11:32:09 +0000] "GET /hum_data.php? HTTP/1.1" 200 713 "http://localhost:8080/index.php" "Mozilla/5.0 (Windows NT 10.0; Win64; x64) AppleWebKit/537.36 (KHTML, like Gecko) Chrome/124.0.0.0 Safari/537.36"
172.25.0.1 - - [01/May/2024:11:32:10 +0000] "POST /hum_data.php HTTP/1.1" 200 1024 "http://localhost:8080/hum_data.php?" "Mozilla/5.0 (Windows NT 10.0; Win64; x64) AppleWebKit/537.36 (KHTML, like Gecko) Chrome/124.0.0.0 Safari/537.36"
172.25.0.1 - - [01/May/2024:11:32:11 +0000] "POST /hum_data.php HTTP/1.1" 200 1024 "http://localhost:8080/hum_data.php" "Mozilla/5.0 (Windows NT 10.0; Win64; x64) AppleWebKit/537.36 (KHTML, like Gecko) Chrome/124.0.0.0 Safari/537.36"
172.25.0.1 - - [01/May/2024:11:32:11 +0000] "POST /hum_data.php HTTP/1.1" 200 1024 "http://localhost:8080/hum_data.php" "Mozilla/5.0 (Windows NT 10.0; Win64; x64) AppleWebKit/537.36 (KHTML, like Gecko) Chrome/124.0.0.0 Safari/537.36"
172.25.0.1 - - [01/May/2024:11:32:11 +0000] "POST /index.php HTTP/1.1" 200 665 "http://localhost:8080/hum_data.php" "Mozilla/5.0 (Windows NT 10.0; Win64; x64) AppleWebKit/537.36 (KHTML, like Gecko) Chrome/124.0.0.0 Safari/537.36"
172.25.0.1 - - [01/May/2024:11:32:12 +0000] "GET /temp_data.php? HTTP/1.1" 200 719 "http://localhost:8080/index.php" "Mozilla/5.0 (Windows NT 10.0; Win64; x64) AppleWebKit/537.36 (KHTML, like Gecko) Chrome/124.0.0.0 Safari/537.36"
172.25.0.1 - - [01/May/2024:11:32:12 +0000] "POST /temp_data.php HTTP/1.1" 200 1032 "http://localhost:8080/temp_data.php?" "Mozilla/5.0 (Windows NT 10.0; Win64; x64) AppleWebKit/537.36 (KHTML, like Gecko) Chrome/124.0.0.0 Safari/537.36"
172.25.0.1 - - [01/May/2024:11:32:13 +0000] "POST /temp_data.php HTTP/1.1" 200 1032 "http://localhost:8080/temp_data.php" "Mozilla/5.0 (Windows NT 10.0; Win64; x64) AppleWebKit/537.36 (KHTML, like Gecko) Chrome/124.0.0.0 Safari/537.36"
172.25.0.1 - - [01/May/2024:11:32:13 +0000] "POST /temp_data.php HTTP/1.1" 200 1032 "http://localhost:8080/temp_data.php" "Mozilla/5.0 (Windows NT 10.0; Win64; x64) AppleWebKit/537.36 (KHTML, like Gecko) Chrome/124.0.0.0 Safari/537.36"
172.25.0.1 - - [01/May/2024:11:32:20 +0000] "POST /save_data.php HTTP/1.1" 200 629 "-" "PostmanRuntime/7.37.3"
172.25.0.1 - - [01/May/2024:11:33:04 +0000] "POST /save_data.php HTTP/1.1" 200 392 "-" "PostmanRuntime/7.37.3"
172.25.0.1 - - [01/May/2024:11:33:09 +0000] "POST /temp_data.php HTTP/1.1" 200 1053 "http://localhost:8080/temp_data.php" "Mozilla/5.0 (Windows NT 10.0; Win64; x64) AppleWebKit/537.36 (KHTML, like Gecko) Chrome/124.0.0.0 Safari/537.36"
172.25.0.1 - - [01/May/2024:11:33:09 +0000] "POST /temp_data.php HTTP/1.1" 200 1060 "http://localhost:8080/temp_data.php" "Mozilla/5.0 (Windows NT 10.0; Win64; x64) AppleWebKit/537.36 (KHTML, like Gecko) Chrome/124.0.0.0 Safari/537.36"
172.25.0.1 - - [01/May/2024:11:33:18 +0000] "POST /save_data.php HTTP/1.1" 200 392 "-" "PostmanRuntime/7.37.3"
172.25.0.1 - - [01/May/2024:11:33:19 +0000] "POST /temp_data.php HTTP/1.1" 200 1076 "http://localhost:8080/temp_data.php" "Mozilla/5.0 (Windows NT 10.0; Win64; x64) AppleWebKit/537.36 (KHTML, like Gecko) Chrome/124.0.0.0 Safari/537.36"
::1 - - [12/May/2024:18:54:52 +0300] "GET /login.php HTTP/1.1" 200 1296
::1 - - [12/May/2024:18:54:52 +0300] "GET /css/bootstrap.min.css HTTP/1.1" 404 196
::1 - - [12/May/2024:18:54:52 +0300] "GET /js/bootstrap.min.js HTTP/1.1" 404 196
::1 - - [12/May/2024:18:55:03 +0300] "GET /css/bootstrap.min.css HTTP/1.1" 404 196
::1 - - [12/May/2024:18:56:43 +0300] "GET /login.php HTTP/1.1" 200 733
::1 - - [12/May/2024:18:56:43 +0300] "GET /css/bootstrap.min.css HTTP/1.1" 404 196
::1 - - [12/May/2024:18:56:43 +0300] "GET /js/bootstrap.min.js HTTP/1.1" 404 196
::1 - - [12/May/2024:18:56:50 +0300] "GET /login.php HTTP/1.1" 200 739
::1 - - [12/May/2024:18:56:50 +0300] "GET /css/bootstrap.min.css HTTP/1.1" 404 196
::1 - - [12/May/2024:18:56:50 +0300] "GET /js/bootstrap.min.js HTTP/1.1" 404 196
::1 - - [12/May/2024:18:57:02 +0300] "GET /login.php HTTP/1.1" 200 731
::1 - - [12/May/2024:18:57:02 +0300] "GET /css/bootstrap.min.css HTTP/1.1" 404 196
::1 - - [12/May/2024:18:57:02 +0300] "GET /js/bootstrap.min.js HTTP/1.1" 404 196
::1 - - [12/May/2024:18:57:08 +0300] "GET /login.php HTTP/1.1" 200 731
::1 - - [12/May/2024:18:57:08 +0300] "GET /css/bootstrap.min.css HTTP/1.1" 404 196
::1 - - [12/May/2024:18:57:08 +0300] "GET /js/bootstrap.min.js HTTP/1.1" 404 196
::1 - - [12/May/2024:18:58:28 +0300] "GET /login.php HTTP/1.1" 200 1592
::1 - - [12/May/2024:18:59:26 +0300] "GET /login.php HTTP/1.1" 200 1489
::1 - - [12/May/2024:18:59:37 +0300] "GET /login.php HTTP/1.1" 200 1592
::1 - - [12/May/2024:19:00:08 +0300] "GET /login.php HTTP/1.1" 200 1753
::1 - - [12/May/2024:19:01:05 +0300] "GET /login.php HTTP/1.1" 200 1655
::1 - - [12/May/2024:19:01:08 +0300] "GET /login.php HTTP/1.1" 200 1753
::1 - - [12/May/2024:19:02:49 +0300] "GET /login.php HTTP/1.1" 200 1790
::1 - - [12/May/2024:19:02:52 +0300] "GET /login.php HTTP/1.1" 200 1790
::1 - - [12/May/2024:19:03:11 +0300] "GET /login.php HTTP/1.1" 200 1824
::1 - - [12/May/2024:19:03:23 +0300] "GET /login.php HTTP/1.1" 200 1878
::1 - - [12/May/2024:19:03:27 +0300] "POST /authentication_endpoint.php HTTP/1.1" 404 196
::1 - - [12/May/2024:19:04:16 +0300] "GET /hum_data.php HTTP/1.1" 200 1116
::1 - - [12/May/2024:19:04:35 +0300] "GET /hum_data.php HTTP/1.1" 200 1023
::1 - - [12/May/2024:19:04:36 +0300] "POST /hum_data.php HTTP/1.1" 200 3766
::1 - - [12/May/2024:19:04:38 +0300] "POST /hum_data.php HTTP/1.1" 200 1755
::1 - - [12/May/2024:19:04:38 +0300] "POST /hum_data.php HTTP/1.1" 200 3766
::1 - - [12/May/2024:19:05:34 +0300] "POST /hum_data.php HTTP/1.1" 200 3765
::1 - - [12/May/2024:19:05:46 +0300] "POST /hum_data.php HTTP/1.1" 200 3794
::1 - - [12/May/2024:19:05:51 +0300] "POST /hum_data.php HTTP/1.1" 200 3794
::1 - - [12/May/2024:19:05:52 +0300] "POST /hum_data.php HTTP/1.1" 200 1783
::1 - - [12/May/2024:19:05:53 +0300] "POST /hum_data.php HTTP/1.1" 200 2516
::1 - - [12/May/2024:19:05:54 +0300] "POST /hum_data.php HTTP/1.1" 200 3794
::1 - - [12/May/2024:19:06:00 +0300] "POST /hum_data.php HTTP/1.1" 200 3765
::1 - - [12/May/2024:19:06:24 +0300] "POST /hum_data.php HTTP/1.1" 200 3791
::1 - - [12/May/2024:19:07:15 +0300] "POST /hum_data.php HTTP/1.1" 200 3791
::1 - - [12/May/2024:19:07:26 +0300] "POST /hum_data.php HTTP/1.1" 200 3821
::1 - - [12/May/2024:19:07:29 +0300] "POST /hum_data.php HTTP/1.1" 200 3821
::1 - - [12/May/2024:19:07:34 +0300] "POST /hum_data.php HTTP/1.1" 200 3821
::1 - - [12/May/2024:19:07:35 +0300] "POST /hum_data.php HTTP/1.1" 200 2545
::1 - - [12/May/2024:19:07:35 +0300] "POST /hum_data.php HTTP/1.1" 200 1810
::1 - - [12/May/2024:19:07:36 +0300] "POST /hum_data.php HTTP/1.1" 200 3821
::1 - - [12/May/2024:19:07:44 +0300] "POST /hum_data.php HTTP/1.1" 200 3823
::1 - - [12/May/2024:19:08:32 +0300] "POST /hum_data.php HTTP/1.1" 200 3823
::1 - - [12/May/2024:19:08:33 +0300] "POST /index.php HTTP/1.1" 200 714
::1 - - [12/May/2024:19:08:34 +0300] "GET /temp_data.php? HTTP/1.1" 200 895
::1 - - [12/May/2024:19:08:37 +0300] "POST /index.php HTTP/1.1" 200 714
::1 - - [12/May/2024:19:08:37 +0300] "GET /hum_data.php? HTTP/1.1" 200 1080
::1 - - [12/May/2024:19:08:38 +0300] "POST /index.php HTTP/1.1" 200 714
::1 - - [12/May/2024:19:08:39 +0300] "GET /temp_data.php? HTTP/1.1" 200 895
::1 - - [12/May/2024:19:08:41 +0300] "POST /index.php HTTP/1.1" 200 714
::1 - - [12/May/2024:19:08:42 +0300] "GET /hum_data.php? HTTP/1.1" 200 1080
::1 - - [12/May/2024:19:09:09 +0300] "GET /hum_data.php? HTTP/1.1" 200 1077
::1 - - [12/May/2024:19:09:15 +0300] "GET /hum_data.php? HTTP/1.1" 200 1077
::1 - - [12/May/2024:19:09:18 +0300] "GET /hum_data.php? HTTP/1.1" 200 1078
::1 - - [12/May/2024:19:10:28 +0300] "GET /hum_data.php? HTTP/1.1" 200 1099
::1 - - [12/May/2024:19:10:34 +0300] "POST /hum_data.php HTTP/1.1" 200 3842
::1 - - [12/May/2024:19:10:35 +0300] "POST /hum_data.php HTTP/1.1" 200 1831
::1 - - [12/May/2024:19:10:36 +0300] "POST /hum_data.php HTTP/1.1" 200 2566
::1 - - [12/May/2024:19:10:36 +0300] "POST /hum_data.php HTTP/1.1" 200 3842
::1 - - [12/May/2024:19:11:34 +0300] "POST /hum_data.php HTTP/1.1" 200 3887
::1 - - [12/May/2024:19:11:43 +0300] "POST /hum_data.php HTTP/1.1" 200 3891
::1 - - [12/May/2024:19:12:41 +0300] "POST /hum_data.php HTTP/1.1" 200 3886
::1 - - [12/May/2024:19:13:16 +0300] "POST /hum_data.php HTTP/1.1" 200 3912
::1 - - [12/May/2024:19:13:20 +0300] "POST /hum_data.php HTTP/1.1" 200 3912
::1 - - [12/May/2024:19:13:32 +0300] "POST /hum_data.php HTTP/1.1" 200 3912
::1 - - [12/May/2024:19:13:57 +0300] "POST /index.php HTTP/1.1" 200 714
::1 - - [12/May/2024:19:13:58 +0300] "GET /hum_data.php? HTTP/1.1" 200 1169
::1 - - [12/May/2024:19:13:59 +0300] "POST /hum_data.php HTTP/1.1" 200 3912
::1 - - [12/May/2024:19:14:00 +0300] "POST /hum_data.php HTTP/1.1" 200 1901
::1 - - [12/May/2024:19:14:00 +0300] "POST /hum_data.php HTTP/1.1" 200 2635
::1 - - [12/May/2024:19:14:02 +0300] "POST /index.php HTTP/1.1" 200 714
::1 - - [12/May/2024:19:14:02 +0300] "GET /hum_data.php? HTTP/1.1" 200 1169
::1 - - [12/May/2024:19:14:07 +0300] "POST /index.php HTTP/1.1" 200 714
::1 - - [12/May/2024:19:14:08 +0300] "GET /hum_data.php? HTTP/1.1" 200 1169
::1 - - [12/May/2024:19:14:32 +0300] "POST /index.php HTTP/1.1" 200 714
::1 - - [12/May/2024:19:14:33 +0300] "GET /co2_data.php? HTTP/1.1" 200 902
::1 - - [12/May/2024:19:14:38 +0300] "POST /index.php HTTP/1.1" 200 714
::1 - - [12/May/2024:19:14:40 +0300] "GET /hum_data.php? HTTP/1.1" 200 1169
::1 - - [12/May/2024:19:14:42 +0300] "POST /hum_data.php HTTP/1.1" 200 3912
::1 - - [12/May/2024:19:15:16 +0300] "POST /hum_data.php HTTP/1.1" 200 3891
::1 - - [12/May/2024:19:15:23 +0300] "POST /hum_data.php HTTP/1.1" 200 3891
::1 - - [12/May/2024:19:16:08 +0300] "POST /index.php HTTP/1.1" 200 714
::1 - - [12/May/2024:19:16:10 +0300] "GET /hum_data.php? HTTP/1.1" 200 1169
::1 - - [12/May/2024:19:16:11 +0300] "POST /index.php HTTP/1.1" 200 714
::1 - - [12/May/2024:19:31:22 +0300] "POST /index.php HTTP/1.1" 200 729
::1 - - [12/May/2024:19:31:23 +0300] "GET /data/hum_data.php? HTTP/1.1" 200 1701
::1 - - [12/May/2024:19:31:34 +0300] "GET /data/hum_data.php? HTTP/1.1" 200 1703
::1 - - [12/May/2024:19:31:35 +0300] "GET /data/hum_data.php? HTTP/1.1" 200 1703
::1 - - [12/May/2024:19:31:58 +0300] "GET /data/hum_data.php? HTTP/1.1" 200 1705
::1 - - [12/May/2024:19:33:13 +0300] "GET /data/hum_data.php? HTTP/1.1" 200 1705
::1 - - [12/May/2024:19:33:14 +0300] "POST /data/hum_data.php HTTP/1.1" 200 1705
::1 - - [12/May/2024:19:33:15 +0300] "POST /data/hum_data.php HTTP/1.1" 200 1705
::1 - - [12/May/2024:19:33:15 +0300] "POST /data/index.php HTTP/1.1" 404 196
::1 - - [12/May/2024:19:33:28 +0300] "POST /data/index.php HTTP/1.1" 404 196
::1 - - [12/May/2024:19:33:31 +0300] "POST /data/index.php HTTP/1.1" 404 196
::1 - - [12/May/2024:19:33:33 +0300] "POST /data/index.php HTTP/1.1" 404 196
::1 - - [12/May/2024:19:33:35 +0300] "POST /data/index.php HTTP/1.1" 404 196
::1 - - [12/May/2024:19:34:54 +0300] "POST /data/index.php HTTP/1.1" 404 196
::1 - - [12/May/2024:19:35:00 +0300] "GET /login.php HTTP/1.1" 200 1878
::1 - - [12/May/2024:19:37:55 +0300] "GET /index.php HTTP/1.1" 200 729
::1 - - [12/May/2024:19:37:56 +0300] "GET /data/hum_data.php? HTTP/1.1" 200 1711
::1 - - [12/May/2024:19:37:57 +0300] "POST /index.php HTTP/1.1" 200 729
::1 - - [12/May/2024:19:37:58 +0300] "GET /data/hum_data.php? HTTP/1.1" 200 1711
::1 - - [12/May/2024:19:37:59 +0300] "POST /index.php HTTP/1.1" 200 729
::1 - - [12/May/2024:19:38:03 +0300] "GET /data/hum_data.php? HTTP/1.1" 200 1708
::1 - - [12/May/2024:19:38:04 +0300] "POST /index.php HTTP/1.1" 200 729
::1 - - [12/May/2024:19:38:05 +0300] "GET /data/hum_data.php? HTTP/1.1" 200 1708
::1 - - [12/May/2024:19:38:05 +0300] "POST /index.php HTTP/1.1" 200 729
::1 - - [12/May/2024:19:38:09 +0300] "GET /data/hum_data.php? HTTP/1.1" 200 1708
::1 - - [12/May/2024:19:38:10 +0300] "POST /index.php HTTP/1.1" 200 729
::1 - - [12/May/2024:19:38:13 +0300] "GET /data/hum_data.php? HTTP/1.1" 200 1708
::1 - - [12/May/2024:19:38:15 +0300] "POST /index.php HTTP/1.1" 200 729
::1 - - [12/May/2024:19:38:15 +0300] "GET /data/hum_data.php? HTTP/1.1" 200 1708
::1 - - [12/May/2024:19:38:22 +0300] "GET /data/hum_data.php? HTTP/1.1" 200 1757
::1 - - [12/May/2024:19:38:23 +0300] "POST /index.php HTTP/1.1" 200 729
::1 - - [12/May/2024:19:38:24 +0300] "GET /data/hum_data.php? HTTP/1.1" 200 1757
::1 - - [12/May/2024:19:39:30 +0300] "POST /index.php HTTP/1.1" 200 729
::1 - - [12/May/2024:19:39:30 +0300] "GET /data/hum_data.php? HTTP/1.1" 200 1172
::1 - - [12/May/2024:19:39:31 +0300] "POST /data/hum_data.php HTTP/1.1" 200 1373
::1 - - [12/May/2024:19:39:32 +0300] "POST /data/hum_data.php HTTP/1.1" 200 1373
::1 - - [12/May/2024:19:46:02 +0300] "POST /data/hum_data.php HTTP/1.1" 200 1373
::1 - - [12/May/2024:19:46:03 +0300] "POST /data/hum_data.php HTTP/1.1" 200 1373
::1 - - [12/May/2024:19:51:16 +0300] "POST /data/hum_data.php HTTP/1.1" 200 1375
::1 - - [12/May/2024:19:51:17 +0300] "POST /index.php HTTP/1.1" 200 729
::1 - - [12/May/2024:19:51:18 +0300] "GET /data/temp_data.php? HTTP/1.1" 200 807
::1 - - [12/May/2024:19:51:18 +0300] "POST /data/temp_data.php HTTP/1.1" 200 1010
::1 - - [12/May/2024:19:51:19 +0300] "POST /data/temp_data.php HTTP/1.1" 200 1010
::1 - - [12/May/2024:19:51:19 +0300] "POST /data/temp_data.php HTTP/1.1" 200 1010
::1 - - [12/May/2024:19:51:22 +0300] "POST /index.php HTTP/1.1" 200 729
::1 - - [12/May/2024:19:51:23 +0300] "GET /data/hum_data.php? HTTP/1.1" 200 1174
::1 - - [12/May/2024:19:51:23 +0300] "POST /data/hum_data.php HTTP/1.1" 200 1375
::1 - - [12/May/2024:19:51:24 +0300] "POST /data/hum_data.php HTTP/1.1" 200 1375
::1 - - [12/May/2024:19:51:25 +0300] "POST /data/hum_data.php HTTP/1.1" 200 1375
::1 - - [12/May/2024:19:51:57 +0300] "POST /data/hum_data.php HTTP/1.1" 200 1375
::1 - - [12/May/2024:19:51:57 +0300] "POST /data/hum_data.php HTTP/1.1" 200 1375
::1 - - [12/May/2024:19:52:11 +0300] "POST /data/hum_data.php HTTP/1.1" 200 1375
::1 - - [12/May/2024:19:52:12 +0300] "POST /index.php HTTP/1.1" 200 729
::1 - - [12/May/2024:19:52:12 +0300] "GET /data/hum_data.php? HTTP/1.1" 200 1174
::1 - - [12/May/2024:19:52:13 +0300] "POST /data/hum_data.php HTTP/1.1" 200 1375
::1 - - [12/May/2024:19:52:29 +0300] "GET /index.php HTTP/1.1" 200 729
::1 - - [12/May/2024:19:52:30 +0300] "GET /data/hum_data.php? HTTP/1.1" 200 1174
::1 - - [12/May/2024:19:52:31 +0300] "POST /data/hum_data.php HTTP/1.1" 200 1375
::1 - - [12/May/2024:19:52:32 +0300] "POST /data/hum_data.php HTTP/1.1" 200 1375
::1 - - [12/May/2024:19:53:38 +0300] "POST /data/hum_data.php HTTP/1.1" 200 1375
::1 - - [12/May/2024:19:53:39 +0300] "POST /data/hum_data.php HTTP/1.1" 200 1375
::1 - - [12/May/2024:19:54:17 +0300] "POST /data/hum_data.php HTTP/1.1" 200 2113
::1 - - [12/May/2024:19:54:17 +0300] "POST /data/hum_data.php HTTP/1.1" 200 2111
::1 - - [12/May/2024:19:54:22 +0300] "POST /data/hum_data.php HTTP/1.1" 200 2112
::1 - - [12/May/2024:19:54:31 +0300] "POST /data/hum_data.php HTTP/1.1" 200 1341
::1 - - [12/May/2024:19:54:31 +0300] "POST /data/hum_data.php HTTP/1.1" 200 1341
::1 - - [12/May/2024:19:54:32 +0300] "POST /data/hum_data.php HTTP/1.1" 200 1341
::1 - - [12/May/2024:19:56:53 +0300] "POST /data/hum_data.php HTTP/1.1" 200 1341
::1 - - [12/May/2024:19:56:53 +0300] "POST /data/hum_data.php HTTP/1.1" 200 1341
::1 - - [12/May/2024:19:57:19 +0300] "GET /index.php HTTP/1.1" 200 729
::1 - - [12/May/2024:19:57:20 +0300] "GET /data/hum_data.php? HTTP/1.1" 200 1331
::1 - - [12/May/2024:19:57:21 +0300] "POST /data/hum_data.php HTTP/1.1" 200 1331
::1 - - [12/May/2024:19:57:21 +0300] "POST /data/hum_data.php HTTP/1.1" 200 1331
::1 - - [12/May/2024:19:59:44 +0300] "POST /data/hum_data.php HTTP/1.1" 200 1331
::1 - - [12/May/2024:19:59:44 +0300] "POST /data/hum_data.php HTTP/1.1" 200 1331
::1 - - [12/May/2024:19:59:45 +0300] "POST /data/hum_data.php HTTP/1.1" 200 1331
::1 - - [12/May/2024:19:59:46 +0300] "POST /data/hum_data.php HTTP/1.1" 200 1331
::1 - - [12/May/2024:19:59:46 +0300] "POST /index.php HTTP/1.1" 200 729
::1 - - [12/May/2024:19:59:47 +0300] "GET /data/hum_data.php? HTTP/1.1" 200 1331
::1 - - [12/May/2024:19:59:48 +0300] "POST /data/hum_data.php HTTP/1.1" 200 1331
::1 - - [12/May/2024:19:59:48 +0300] "POST /data/hum_data.php HTTP/1.1" 200 1331
::1 - - [12/May/2024:19:59:49 +0300] "POST /index.php HTTP/1.1" 200 729
::1 - - [12/May/2024:20:00:03 +0300] "GET /index.php HTTP/1.1" 200 729
::1 - - [12/May/2024:20:00:04 +0300] "GET /data/hum_data.php? HTTP/1.1" 200 1331
::1 - - [12/May/2024:20:00:05 +0300] "POST /data/hum_data.php HTTP/1.1" 200 1331
::1 - - [12/May/2024:20:01:08 +0300] "POST /data/hum_data.php HTTP/1.1" 200 1331
::1 - - [12/May/2024:20:01:08 +0300] "POST /data/hum_data.php HTTP/1.1" 200 1331
::1 - - [12/May/2024:20:02:52 +0300] "POST /data/hum_data.php HTTP/1.1" 200 1331
::1 - - [12/May/2024:20:02:52 +0300] "POST /data/hum_data.php HTTP/1.1" 200 1331
::1 - - [12/May/2024:20:02:53 +0300] "POST /data/hum_data.php HTTP/1.1" 200 1331
::1 - - [12/May/2024:20:02:53 +0300] "POST /data/hum_data.php HTTP/1.1" 200 1331
::1 - - [12/May/2024:20:02:54 +0300] "POST /index.php HTTP/1.1" 200 729
::1 - - [12/May/2024:20:02:54 +0300] "GET /data/temp_data.php? HTTP/1.1" 200 964
::1 - - [12/May/2024:20:02:55 +0300] "POST /data/temp_data.php HTTP/1.1" 200 964
::1 - - [12/May/2024:20:02:56 +0300] "POST /data/temp_data.php HTTP/1.1" 200 964
::1 - - [12/May/2024:20:02:56 +0300] "POST /data/temp_data.php HTTP/1.1" 200 964
::1 - - [12/May/2024:20:02:56 +0300] "POST /data/temp_data.php HTTP/1.1" 200 964
::1 - - [12/May/2024:20:02:57 +0300] "POST /index.php HTTP/1.1" 200 729
::1 - - [12/May/2024:20:02:57 +0300] "GET /data/hum_data.php? HTTP/1.1" 200 1331
::1 - - [12/May/2024:20:02:58 +0300] "POST /data/hum_data.php HTTP/1.1" 200 1331
::1 - - [12/May/2024:20:02:58 +0300] "POST /data/hum_data.php HTTP/1.1" 200 1331
::1 - - [12/May/2024:20:05:28 +0300] "GET /index.php HTTP/1.1" 200 729
::1 - - [12/May/2024:20:05:29 +0300] "GET /data/hum_data.php? HTTP/1.1" 200 1331
::1 - - [12/May/2024:20:06:21 +0300] "GET /data/hum_data.php? HTTP/1.1" 200 1174
::1 - - [12/May/2024:20:06:21 +0300] "POST /data/hum_data.php HTTP/1.1" 200 1906
::1 - - [12/May/2024:20:06:23 +0300] "POST /data/hum_data.php HTTP/1.1" 200 2640
::1 - - [12/May/2024:20:06:24 +0300] "POST /data/hum_data.php HTTP/1.1" 200 3917
::1 - - [12/May/2024:20:06:55 +0300] "POST /index.php HTTP/1.1" 200 729
::1 - - [12/May/2024:20:06:56 +0300] "GET /data/temp_data.php? HTTP/1.1" 200 807
::1 - - [12/May/2024:20:06:57 +0300] "POST /data/temp_data.php HTTP/1.1" 200 3554
::1 - - [12/May/2024:20:06:58 +0300] "POST /data/temp_data.php HTTP/1.1" 200 1543
::1 - - [12/May/2024:20:06:58 +0300] "POST /data/temp_data.php HTTP/1.1" 200 2297
::1 - - [12/May/2024:20:06:59 +0300] "POST /index.php HTTP/1.1" 200 729
::1 - - [12/May/2024:20:07:00 +0300] "GET /data/co2_data.php? HTTP/1.1" 200 971
::1 - - [12/May/2024:20:07:01 +0300] "POST /index.php HTTP/1.1" 200 729
::1 - - [12/May/2024:20:07:09 +0300] "GET /data/co2_data.php? HTTP/1.1" 200 814
::1 - - [12/May/2024:20:07:09 +0300] "POST /data/co2_data.php HTTP/1.1" 200 2328
::1 - - [12/May/2024:20:07:10 +0300] "POST /data/co2_data.php HTTP/1.1" 200 3646
::1 - - [12/May/2024:20:07:11 +0300] "POST /index.php HTTP/1.1" 200 729
::1 - - [12/May/2024:20:07:12 +0300] "GET /data/temp_data.php? HTTP/1.1" 200 807
::1 - - [12/May/2024:20:07:13 +0300] "POST /index.php HTTP/1.1" 200 729
::1 - - [12/May/2024:20:07:14 +0300] "GET /data/co2_data.php? HTTP/1.1" 200 814
::1 - - [12/May/2024:20:07:14 +0300] "POST /data/co2_data.php HTTP/1.1" 200 3646
::1 - - [12/May/2024:20:07:16 +0300] "POST /data/co2_data.php HTTP/1.1" 200 2328
::1 - - [12/May/2024:20:07:18 +0300] "POST /data/co2_data.php HTTP/1.1" 200 3646
::1 - - [12/May/2024:20:07:28 +0300] "POST /index.php HTTP/1.1" 200 729
